2024-03-12 15:08:18.647 [info] Extension host with pid 543 started
2024-03-12 15:08:18.661 [info] Lock '/home/volt/.vscode-server/data/User/workspaceStorage/2190b9ffffb8e1ad4ac57db46be0e796/vscode.lock': Lock acquired.
2024-03-12 15:08:18.738 [info] ExtensionService#_doActivateExtension vscode.tunnel-forwarding, startup: false, activationEvent: 'onTunnel'
2024-03-12 15:08:18.738 [info] ExtensionService#_doActivateExtension vscode.emmet, startup: false, activationEvent: 'onLanguage'
2024-03-12 15:08:18.739 [info] ExtensionService#_doActivateExtension ms-python.debugpy, startup: false, activationEvent: 'onLanguage:python'
2024-03-12 15:08:18.739 [info] ExtensionService#_doActivateExtension ms-python.python, startup: false, activationEvent: 'onLanguage:python'
2024-03-12 15:08:19.207 [info] ExtensionService#_doActivateExtension ms-python.vscode-pylance, startup: false, activationEvent: 'onLanguage:python'
2024-03-12 15:08:19.548 [info] ExtensionService#_doActivateExtension vscode.git-base, startup: true, activationEvent: '*', root cause: vscode.git
2024-03-12 15:08:19.605 [info] ExtensionService#_doActivateExtension vscode.git, startup: true, activationEvent: '*'
2024-03-12 15:08:19.605 [info] ExtensionService#_doActivateExtension vscode.github, startup: true, activationEvent: '*'
2024-03-12 15:08:19.769 [info] Eager extensions activated
2024-03-12 15:08:19.769 [info] ExtensionService#_doActivateExtension vscode.debug-auto-launch, startup: false, activationEvent: 'onStartupFinished'
2024-03-12 15:08:19.770 [info] ExtensionService#_doActivateExtension vscode.merge-conflict, startup: false, activationEvent: 'onStartupFinished'
2024-03-12 15:08:20.431 [error] Error: Git error
	at ChildProcess.<anonymous> (/home/volt/.vscode-server/bin/1e790d77f81672c49be070e04474901747115651/extensions/git/dist/main.js:2:1021375)
	at ChildProcess.emit (node:events:526:35)
	at ChildProcess._handle.onexit (node:internal/child_process:291:12)
2024-03-12 15:08:20.432 [error] Error: Git error
	at ChildProcess.<anonymous> (/home/volt/.vscode-server/bin/1e790d77f81672c49be070e04474901747115651/extensions/git/dist/main.js:2:1021375)
	at ChildProcess.emit (node:events:526:35)
	at ChildProcess._handle.onexit (node:internal/child_process:291:12)
2024-03-12 15:08:20.432 [error] Error: Git error
	at ChildProcess.<anonymous> (/home/volt/.vscode-server/bin/1e790d77f81672c49be070e04474901747115651/extensions/git/dist/main.js:2:1021375)
	at ChildProcess.emit (node:events:526:35)
	at ChildProcess._handle.onexit (node:internal/child_process:291:12)
2024-03-12 15:08:20.432 [error] Error: Git error
	at ChildProcess.<anonymous> (/home/volt/.vscode-server/bin/1e790d77f81672c49be070e04474901747115651/extensions/git/dist/main.js:2:1021375)
	at ChildProcess.emit (node:events:526:35)
	at ChildProcess._handle.onexit (node:internal/child_process:291:12)
2024-03-12 15:08:20.432 [error] Error: Git error
	at ChildProcess.<anonymous> (/home/volt/.vscode-server/bin/1e790d77f81672c49be070e04474901747115651/extensions/git/dist/main.js:2:1021375)
	at ChildProcess.emit (node:events:526:35)
	at ChildProcess._handle.onexit (node:internal/child_process:291:12)
2024-03-12 15:08:20.432 [error] Error: Git error
	at ChildProcess.<anonymous> (/home/volt/.vscode-server/bin/1e790d77f81672c49be070e04474901747115651/extensions/git/dist/main.js:2:1021375)
	at ChildProcess.emit (node:events:526:35)
	at ChildProcess._handle.onexit (node:internal/child_process:291:12)
2024-03-12 15:08:20.432 [error] Error: Git error
	at ChildProcess.<anonymous> (/home/volt/.vscode-server/bin/1e790d77f81672c49be070e04474901747115651/extensions/git/dist/main.js:2:1021375)
	at ChildProcess.emit (node:events:526:35)
	at ChildProcess._handle.onexit (node:internal/child_process:291:12)
2024-03-12 15:08:20.432 [error] Error: Git error
	at ChildProcess.<anonymous> (/home/volt/.vscode-server/bin/1e790d77f81672c49be070e04474901747115651/extensions/git/dist/main.js:2:1021375)
	at ChildProcess.emit (node:events:526:35)
	at ChildProcess._handle.onexit (node:internal/child_process:291:12)
2024-03-12 15:08:20.432 [error] Error: Git error
	at ChildProcess.<anonymous> (/home/volt/.vscode-server/bin/1e790d77f81672c49be070e04474901747115651/extensions/git/dist/main.js:2:1021375)
	at ChildProcess.emit (node:events:526:35)
	at ChildProcess._handle.onexit (node:internal/child_process:291:12)
2024-03-12 15:08:20.432 [error] Error: Git error
	at ChildProcess.<anonymous> (/home/volt/.vscode-server/bin/1e790d77f81672c49be070e04474901747115651/extensions/git/dist/main.js:2:1021375)
	at ChildProcess.emit (node:events:526:35)
	at ChildProcess._handle.onexit (node:internal/child_process:291:12)
2024-03-12 15:08:20.432 [error] Error: Git error
	at ChildProcess.<anonymous> (/home/volt/.vscode-server/bin/1e790d77f81672c49be070e04474901747115651/extensions/git/dist/main.js:2:1021375)
	at ChildProcess.emit (node:events:526:35)
	at ChildProcess._handle.onexit (node:internal/child_process:291:12)
2024-03-12 15:08:20.432 [error] Error: Git error
	at ChildProcess.<anonymous> (/home/volt/.vscode-server/bin/1e790d77f81672c49be070e04474901747115651/extensions/git/dist/main.js:2:1021375)
	at ChildProcess.emit (node:events:526:35)
	at ChildProcess._handle.onexit (node:internal/child_process:291:12)
2024-03-12 15:08:20.432 [error] Error: Git error
	at ChildProcess.<anonymous> (/home/volt/.vscode-server/bin/1e790d77f81672c49be070e04474901747115651/extensions/git/dist/main.js:2:1021375)
	at ChildProcess.emit (node:events:526:35)
	at ChildProcess._handle.onexit (node:internal/child_process:291:12)
2024-03-12 15:08:20.432 [error] Error: Git error
	at ChildProcess.<anonymous> (/home/volt/.vscode-server/bin/1e790d77f81672c49be070e04474901747115651/extensions/git/dist/main.js:2:1021375)
	at ChildProcess.emit (node:events:526:35)
	at ChildProcess._handle.onexit (node:internal/child_process:291:12)
2024-03-12 15:08:20.432 [error] Error: Git error
	at ChildProcess.<anonymous> (/home/volt/.vscode-server/bin/1e790d77f81672c49be070e04474901747115651/extensions/git/dist/main.js:2:1021375)
	at ChildProcess.emit (node:events:526:35)
	at ChildProcess._handle.onexit (node:internal/child_process:291:12)
2024-03-12 15:08:20.432 [error] Error: Git error
	at ChildProcess.<anonymous> (/home/volt/.vscode-server/bin/1e790d77f81672c49be070e04474901747115651/extensions/git/dist/main.js:2:1021375)
	at ChildProcess.emit (node:events:526:35)
	at ChildProcess._handle.onexit (node:internal/child_process:291:12)
2024-03-12 15:08:20.432 [error] Error: Git error
	at ChildProcess.<anonymous> (/home/volt/.vscode-server/bin/1e790d77f81672c49be070e04474901747115651/extensions/git/dist/main.js:2:1021375)
	at ChildProcess.emit (node:events:526:35)
	at ChildProcess._handle.onexit (node:internal/child_process:291:12)
2024-03-12 15:08:20.432 [error] Error: Git error
	at ChildProcess.<anonymous> (/home/volt/.vscode-server/bin/1e790d77f81672c49be070e04474901747115651/extensions/git/dist/main.js:2:1021375)
	at ChildProcess.emit (node:events:526:35)
	at ChildProcess._handle.onexit (node:internal/child_process:291:12)
2024-03-12 15:08:20.432 [error] Error: Git error
	at ChildProcess.<anonymous> (/home/volt/.vscode-server/bin/1e790d77f81672c49be070e04474901747115651/extensions/git/dist/main.js:2:1021375)
	at ChildProcess.emit (node:events:526:35)
	at ChildProcess._handle.onexit (node:internal/child_process:291:12)
2024-03-12 15:08:20.432 [error] Error: Git error
	at ChildProcess.<anonymous> (/home/volt/.vscode-server/bin/1e790d77f81672c49be070e04474901747115651/extensions/git/dist/main.js:2:1021375)
	at ChildProcess.emit (node:events:526:35)
	at ChildProcess._handle.onexit (node:internal/child_process:291:12)
2024-03-12 15:08:20.432 [error] Error: Git error
	at ChildProcess.<anonymous> (/home/volt/.vscode-server/bin/1e790d77f81672c49be070e04474901747115651/extensions/git/dist/main.js:2:1021375)
	at ChildProcess.emit (node:events:526:35)
	at ChildProcess._handle.onexit (node:internal/child_process:291:12)
2024-03-12 15:08:20.432 [error] Error: Git error
	at ChildProcess.<anonymous> (/home/volt/.vscode-server/bin/1e790d77f81672c49be070e04474901747115651/extensions/git/dist/main.js:2:1021375)
	at ChildProcess.emit (node:events:526:35)
	at ChildProcess._handle.onexit (node:internal/child_process:291:12)
2024-03-12 15:08:20.432 [error] Error: Git error
	at ChildProcess.<anonymous> (/home/volt/.vscode-server/bin/1e790d77f81672c49be070e04474901747115651/extensions/git/dist/main.js:2:1021375)
	at ChildProcess.emit (node:events:526:35)
	at ChildProcess._handle.onexit (node:internal/child_process:291:12)
2024-03-12 15:08:20.432 [error] Error: Git error
	at ChildProcess.<anonymous> (/home/volt/.vscode-server/bin/1e790d77f81672c49be070e04474901747115651/extensions/git/dist/main.js:2:1021375)
	at ChildProcess.emit (node:events:526:35)
	at ChildProcess._handle.onexit (node:internal/child_process:291:12)
2024-03-12 15:08:20.432 [error] Error: Git error
	at ChildProcess.<anonymous> (/home/volt/.vscode-server/bin/1e790d77f81672c49be070e04474901747115651/extensions/git/dist/main.js:2:1021375)
	at ChildProcess.emit (node:events:526:35)
	at ChildProcess._handle.onexit (node:internal/child_process:291:12)
2024-03-12 15:08:20.432 [error] Error: Git error
	at ChildProcess.<anonymous> (/home/volt/.vscode-server/bin/1e790d77f81672c49be070e04474901747115651/extensions/git/dist/main.js:2:1021375)
	at ChildProcess.emit (node:events:526:35)
	at ChildProcess._handle.onexit (node:internal/child_process:291:12)
2024-03-12 15:08:20.432 [error] Error: Git error
	at ChildProcess.<anonymous> (/home/volt/.vscode-server/bin/1e790d77f81672c49be070e04474901747115651/extensions/git/dist/main.js:2:1021375)
	at ChildProcess.emit (node:events:526:35)
	at ChildProcess._handle.onexit (node:internal/child_process:291:12)
2024-03-12 15:08:20.432 [error] Error: Git error
	at ChildProcess.<anonymous> (/home/volt/.vscode-server/bin/1e790d77f81672c49be070e04474901747115651/extensions/git/dist/main.js:2:1021375)
	at ChildProcess.emit (node:events:526:35)
	at ChildProcess._handle.onexit (node:internal/child_process:291:12)
2024-03-12 15:08:20.432 [error] Error: Git error
	at ChildProcess.<anonymous> (/home/volt/.vscode-server/bin/1e790d77f81672c49be070e04474901747115651/extensions/git/dist/main.js:2:1021375)
	at ChildProcess.emit (node:events:526:35)
	at ChildProcess._handle.onexit (node:internal/child_process:291:12)
2024-03-12 15:08:20.432 [error] Error: Git error
	at ChildProcess.<anonymous> (/home/volt/.vscode-server/bin/1e790d77f81672c49be070e04474901747115651/extensions/git/dist/main.js:2:1021375)
	at ChildProcess.emit (node:events:526:35)
	at ChildProcess._handle.onexit (node:internal/child_process:291:12)
2024-03-12 15:08:20.432 [error] Error: Git error
	at ChildProcess.<anonymous> (/home/volt/.vscode-server/bin/1e790d77f81672c49be070e04474901747115651/extensions/git/dist/main.js:2:1021375)
	at ChildProcess.emit (node:events:526:35)
	at ChildProcess._handle.onexit (node:internal/child_process:291:12)
2024-03-12 15:08:20.432 [error] Error: Git error
	at ChildProcess.<anonymous> (/home/volt/.vscode-server/bin/1e790d77f81672c49be070e04474901747115651/extensions/git/dist/main.js:2:1021375)
	at ChildProcess.emit (node:events:526:35)
	at ChildProcess._handle.onexit (node:internal/child_process:291:12)
2024-03-12 15:08:20.432 [error] Error: Git error
	at ChildProcess.<anonymous> (/home/volt/.vscode-server/bin/1e790d77f81672c49be070e04474901747115651/extensions/git/dist/main.js:2:1021375)
	at ChildProcess.emit (node:events:526:35)
	at ChildProcess._handle.onexit (node:internal/child_process:291:12)
2024-03-12 15:08:20.432 [error] Error: Git error
	at ChildProcess.<anonymous> (/home/volt/.vscode-server/bin/1e790d77f81672c49be070e04474901747115651/extensions/git/dist/main.js:2:1021375)
	at ChildProcess.emit (node:events:526:35)
	at ChildProcess._handle.onexit (node:internal/child_process:291:12)
2024-03-12 15:08:20.432 [error] Error: Git error
	at ChildProcess.<anonymous> (/home/volt/.vscode-server/bin/1e790d77f81672c49be070e04474901747115651/extensions/git/dist/main.js:2:1021375)
	at ChildProcess.emit (node:events:526:35)
	at ChildProcess._handle.onexit (node:internal/child_process:291:12)
2024-03-12 15:08:20.432 [error] Error: Git error
	at ChildProcess.<anonymous> (/home/volt/.vscode-server/bin/1e790d77f81672c49be070e04474901747115651/extensions/git/dist/main.js:2:1021375)
	at ChildProcess.emit (node:events:526:35)
	at ChildProcess._handle.onexit (node:internal/child_process:291:12)
2024-03-12 15:08:20.432 [error] Error: Git error
	at ChildProcess.<anonymous> (/home/volt/.vscode-server/bin/1e790d77f81672c49be070e04474901747115651/extensions/git/dist/main.js:2:1021375)
	at ChildProcess.emit (node:events:526:35)
	at ChildProcess._handle.onexit (node:internal/child_process:291:12)
2024-03-12 15:08:20.432 [error] Error: Git error
	at ChildProcess.<anonymous> (/home/volt/.vscode-server/bin/1e790d77f81672c49be070e04474901747115651/extensions/git/dist/main.js:2:1021375)
	at ChildProcess.emit (node:events:526:35)
	at ChildProcess._handle.onexit (node:internal/child_process:291:12)
2024-03-12 15:08:20.432 [error] Error: Git error
	at ChildProcess.<anonymous> (/home/volt/.vscode-server/bin/1e790d77f81672c49be070e04474901747115651/extensions/git/dist/main.js:2:1021375)
	at ChildProcess.emit (node:events:526:35)
	at ChildProcess._handle.onexit (node:internal/child_process:291:12)
2024-03-12 15:08:20.432 [error] Error: Git error
	at ChildProcess.<anonymous> (/home/volt/.vscode-server/bin/1e790d77f81672c49be070e04474901747115651/extensions/git/dist/main.js:2:1021375)
	at ChildProcess.emit (node:events:526:35)
	at ChildProcess._handle.onexit (node:internal/child_process:291:12)
2024-03-12 15:08:20.432 [error] Error: Git error
	at ChildProcess.<anonymous> (/home/volt/.vscode-server/bin/1e790d77f81672c49be070e04474901747115651/extensions/git/dist/main.js:2:1021375)
	at ChildProcess.emit (node:events:526:35)
	at ChildProcess._handle.onexit (node:internal/child_process:291:12)
2024-03-12 15:08:20.432 [error] Error: Git error
	at ChildProcess.<anonymous> (/home/volt/.vscode-server/bin/1e790d77f81672c49be070e04474901747115651/extensions/git/dist/main.js:2:1021375)
	at ChildProcess.emit (node:events:526:35)
	at ChildProcess._handle.onexit (node:internal/child_process:291:12)
2024-03-12 15:08:20.432 [error] Error: Git error
	at ChildProcess.<anonymous> (/home/volt/.vscode-server/bin/1e790d77f81672c49be070e04474901747115651/extensions/git/dist/main.js:2:1021375)
	at ChildProcess.emit (node:events:526:35)
	at ChildProcess._handle.onexit (node:internal/child_process:291:12)
2024-03-12 15:08:20.432 [error] Error: Git error
	at ChildProcess.<anonymous> (/home/volt/.vscode-server/bin/1e790d77f81672c49be070e04474901747115651/extensions/git/dist/main.js:2:1021375)
	at ChildProcess.emit (node:events:526:35)
	at ChildProcess._handle.onexit (node:internal/child_process:291:12)
2024-03-12 15:08:20.432 [error] Error: Git error
	at ChildProcess.<anonymous> (/home/volt/.vscode-server/bin/1e790d77f81672c49be070e04474901747115651/extensions/git/dist/main.js:2:1021375)
	at ChildProcess.emit (node:events:526:35)
	at ChildProcess._handle.onexit (node:internal/child_process:291:12)
2024-03-12 15:08:20.432 [error] Error: Git error
	at ChildProcess.<anonymous> (/home/volt/.vscode-server/bin/1e790d77f81672c49be070e04474901747115651/extensions/git/dist/main.js:2:1021375)
	at ChildProcess.emit (node:events:526:35)
	at ChildProcess._handle.onexit (node:internal/child_process:291:12)
2024-03-12 15:08:20.432 [error] Error: Git error
	at ChildProcess.<anonymous> (/home/volt/.vscode-server/bin/1e790d77f81672c49be070e04474901747115651/extensions/git/dist/main.js:2:1021375)
	at ChildProcess.emit (node:events:526:35)
	at ChildProcess._handle.onexit (node:internal/child_process:291:12)
2024-03-12 15:08:20.432 [error] Error: Git error
	at ChildProcess.<anonymous> (/home/volt/.vscode-server/bin/1e790d77f81672c49be070e04474901747115651/extensions/git/dist/main.js:2:1021375)
	at ChildProcess.emit (node:events:526:35)
	at ChildProcess._handle.onexit (node:internal/child_process:291:12)
2024-03-12 15:08:20.432 [error] Error: Git error
	at ChildProcess.<anonymous> (/home/volt/.vscode-server/bin/1e790d77f81672c49be070e04474901747115651/extensions/git/dist/main.js:2:1021375)
	at ChildProcess.emit (node:events:526:35)
	at ChildProcess._handle.onexit (node:internal/child_process:291:12)
2024-03-12 15:08:20.432 [error] Error: Git error
	at ChildProcess.<anonymous> (/home/volt/.vscode-server/bin/1e790d77f81672c49be070e04474901747115651/extensions/git/dist/main.js:2:1021375)
	at ChildProcess.emit (node:events:526:35)
	at ChildProcess._handle.onexit (node:internal/child_process:291:12)
2024-03-12 15:08:20.432 [error] Error: Git error
	at ChildProcess.<anonymous> (/home/volt/.vscode-server/bin/1e790d77f81672c49be070e04474901747115651/extensions/git/dist/main.js:2:1021375)
	at ChildProcess.emit (node:events:526:35)
	at ChildProcess._handle.onexit (node:internal/child_process:291:12)
2024-03-12 15:08:20.432 [error] Error: Git error
	at ChildProcess.<anonymous> (/home/volt/.vscode-server/bin/1e790d77f81672c49be070e04474901747115651/extensions/git/dist/main.js:2:1021375)
	at ChildProcess.emit (node:events:526:35)
	at ChildProcess._handle.onexit (node:internal/child_process:291:12)
2024-03-12 15:08:20.432 [error] Error: Git error
	at ChildProcess.<anonymous> (/home/volt/.vscode-server/bin/1e790d77f81672c49be070e04474901747115651/extensions/git/dist/main.js:2:1021375)
	at ChildProcess.emit (node:events:526:35)
	at ChildProcess._handle.onexit (node:internal/child_process:291:12)
2024-03-12 15:08:20.432 [error] Error: Git error
	at ChildProcess.<anonymous> (/home/volt/.vscode-server/bin/1e790d77f81672c49be070e04474901747115651/extensions/git/dist/main.js:2:1021375)
	at ChildProcess.emit (node:events:526:35)
	at ChildProcess._handle.onexit (node:internal/child_process:291:12)
2024-03-12 15:08:20.432 [error] Error: Git error
	at ChildProcess.<anonymous> (/home/volt/.vscode-server/bin/1e790d77f81672c49be070e04474901747115651/extensions/git/dist/main.js:2:1021375)
	at ChildProcess.emit (node:events:526:35)
	at ChildProcess._handle.onexit (node:internal/child_process:291:12)
2024-03-12 15:08:20.432 [error] Error: Git error
	at ChildProcess.<anonymous> (/home/volt/.vscode-server/bin/1e790d77f81672c49be070e04474901747115651/extensions/git/dist/main.js:2:1021375)
	at ChildProcess.emit (node:events:526:35)
	at ChildProcess._handle.onexit (node:internal/child_process:291:12)
2024-03-12 15:08:20.432 [error] Error: Git error
	at ChildProcess.<anonymous> (/home/volt/.vscode-server/bin/1e790d77f81672c49be070e04474901747115651/extensions/git/dist/main.js:2:1021375)
	at ChildProcess.emit (node:events:526:35)
	at ChildProcess._handle.onexit (node:internal/child_process:291:12)
2024-03-12 15:08:20.432 [error] Error: Git error
	at ChildProcess.<anonymous> (/home/volt/.vscode-server/bin/1e790d77f81672c49be070e04474901747115651/extensions/git/dist/main.js:2:1021375)
	at ChildProcess.emit (node:events:526:35)
	at ChildProcess._handle.onexit (node:internal/child_process:291:12)
2024-03-12 15:08:20.432 [error] Error: Git error
	at ChildProcess.<anonymous> (/home/volt/.vscode-server/bin/1e790d77f81672c49be070e04474901747115651/extensions/git/dist/main.js:2:1021375)
	at ChildProcess.emit (node:events:526:35)
	at ChildProcess._handle.onexit (node:internal/child_process:291:12)
2024-03-12 15:08:20.432 [error] Error: Git error
	at ChildProcess.<anonymous> (/home/volt/.vscode-server/bin/1e790d77f81672c49be070e04474901747115651/extensions/git/dist/main.js:2:1021375)
	at ChildProcess.emit (node:events:526:35)
	at ChildProcess._handle.onexit (node:internal/child_process:291:12)
2024-03-12 15:08:20.432 [error] Error: Git error
	at ChildProcess.<anonymous> (/home/volt/.vscode-server/bin/1e790d77f81672c49be070e04474901747115651/extensions/git/dist/main.js:2:1021375)
	at ChildProcess.emit (node:events:526:35)
	at ChildProcess._handle.onexit (node:internal/child_process:291:12)
2024-03-12 15:08:20.432 [error] Error: Git error
	at ChildProcess.<anonymous> (/home/volt/.vscode-server/bin/1e790d77f81672c49be070e04474901747115651/extensions/git/dist/main.js:2:1021375)
	at ChildProcess.emit (node:events:526:35)
	at ChildProcess._handle.onexit (node:internal/child_process:291:12)
2024-03-12 15:08:20.432 [error] Error: Git error
	at ChildProcess.<anonymous> (/home/volt/.vscode-server/bin/1e790d77f81672c49be070e04474901747115651/extensions/git/dist/main.js:2:1021375)
	at ChildProcess.emit (node:events:526:35)
	at ChildProcess._handle.onexit (node:internal/child_process:291:12)
2024-03-12 15:08:20.432 [error] Error: Git error
	at ChildProcess.<anonymous> (/home/volt/.vscode-server/bin/1e790d77f81672c49be070e04474901747115651/extensions/git/dist/main.js:2:1021375)
	at ChildProcess.emit (node:events:526:35)
	at ChildProcess._handle.onexit (node:internal/child_process:291:12)
2024-03-12 15:08:20.432 [error] Error: Git error
	at ChildProcess.<anonymous> (/home/volt/.vscode-server/bin/1e790d77f81672c49be070e04474901747115651/extensions/git/dist/main.js:2:1021375)
	at ChildProcess.emit (node:events:526:35)
	at ChildProcess._handle.onexit (node:internal/child_process:291:12)
2024-03-12 15:08:20.432 [error] Error: Git error
	at ChildProcess.<anonymous> (/home/volt/.vscode-server/bin/1e790d77f81672c49be070e04474901747115651/extensions/git/dist/main.js:2:1021375)
	at ChildProcess.emit (node:events:526:35)
	at ChildProcess._handle.onexit (node:internal/child_process:291:12)
2024-03-12 15:08:20.432 [error] Error: Git error
	at ChildProcess.<anonymous> (/home/volt/.vscode-server/bin/1e790d77f81672c49be070e04474901747115651/extensions/git/dist/main.js:2:1021375)
	at ChildProcess.emit (node:events:526:35)
	at ChildProcess._handle.onexit (node:internal/child_process:291:12)
2024-03-12 15:08:20.432 [error] Error: Git error
	at ChildProcess.<anonymous> (/home/volt/.vscode-server/bin/1e790d77f81672c49be070e04474901747115651/extensions/git/dist/main.js:2:1021375)
	at ChildProcess.emit (node:events:526:35)
	at ChildProcess._handle.onexit (node:internal/child_process:291:12)
2024-03-12 15:08:20.432 [error] Error: Git error
	at ChildProcess.<anonymous> (/home/volt/.vscode-server/bin/1e790d77f81672c49be070e04474901747115651/extensions/git/dist/main.js:2:1021375)
	at ChildProcess.emit (node:events:526:35)
	at ChildProcess._handle.onexit (node:internal/child_process:291:12)
2024-03-12 15:08:20.432 [error] Error: Git error
	at ChildProcess.<anonymous> (/home/volt/.vscode-server/bin/1e790d77f81672c49be070e04474901747115651/extensions/git/dist/main.js:2:1021375)
	at ChildProcess.emit (node:events:526:35)
	at ChildProcess._handle.onexit (node:internal/child_process:291:12)
2024-03-12 15:08:20.432 [error] Error: Git error
	at ChildProcess.<anonymous> (/home/volt/.vscode-server/bin/1e790d77f81672c49be070e04474901747115651/extensions/git/dist/main.js:2:1021375)
	at ChildProcess.emit (node:events:526:35)
	at ChildProcess._handle.onexit (node:internal/child_process:291:12)
2024-03-12 15:08:20.432 [error] Error: Git error
	at ChildProcess.<anonymous> (/home/volt/.vscode-server/bin/1e790d77f81672c49be070e04474901747115651/extensions/git/dist/main.js:2:1021375)
	at ChildProcess.emit (node:events:526:35)
	at ChildProcess._handle.onexit (node:internal/child_process:291:12)
2024-03-12 15:08:20.432 [error] Error: Git error
	at ChildProcess.<anonymous> (/home/volt/.vscode-server/bin/1e790d77f81672c49be070e04474901747115651/extensions/git/dist/main.js:2:1021375)
	at ChildProcess.emit (node:events:526:35)
	at ChildProcess._handle.onexit (node:internal/child_process:291:12)
2024-03-12 15:08:20.432 [error] Error: Git error
	at ChildProcess.<anonymous> (/home/volt/.vscode-server/bin/1e790d77f81672c49be070e04474901747115651/extensions/git/dist/main.js:2:1021375)
	at ChildProcess.emit (node:events:526:35)
	at ChildProcess._handle.onexit (node:internal/child_process:291:12)
2024-03-12 15:08:20.432 [error] Error: Git error
	at ChildProcess.<anonymous> (/home/volt/.vscode-server/bin/1e790d77f81672c49be070e04474901747115651/extensions/git/dist/main.js:2:1021375)
	at ChildProcess.emit (node:events:526:35)
	at ChildProcess._handle.onexit (node:internal/child_process:291:12)
2024-03-12 15:08:20.432 [error] Error: Git error
	at ChildProcess.<anonymous> (/home/volt/.vscode-server/bin/1e790d77f81672c49be070e04474901747115651/extensions/git/dist/main.js:2:1021375)
	at ChildProcess.emit (node:events:526:35)
	at ChildProcess._handle.onexit (node:internal/child_process:291:12)
2024-03-12 15:08:20.432 [error] Error: Git error
	at ChildProcess.<anonymous> (/home/volt/.vscode-server/bin/1e790d77f81672c49be070e04474901747115651/extensions/git/dist/main.js:2:1021375)
	at ChildProcess.emit (node:events:526:35)
	at ChildProcess._handle.onexit (node:internal/child_process:291:12)
2024-03-12 15:08:20.432 [error] Error: Git error
	at ChildProcess.<anonymous> (/home/volt/.vscode-server/bin/1e790d77f81672c49be070e04474901747115651/extensions/git/dist/main.js:2:1021375)
	at ChildProcess.emit (node:events:526:35)
	at ChildProcess._handle.onexit (node:internal/child_process:291:12)
2024-03-12 15:08:20.432 [error] Error: Git error
	at ChildProcess.<anonymous> (/home/volt/.vscode-server/bin/1e790d77f81672c49be070e04474901747115651/extensions/git/dist/main.js:2:1021375)
	at ChildProcess.emit (node:events:526:35)
	at ChildProcess._handle.onexit (node:internal/child_process:291:12)
2024-03-12 15:08:20.432 [error] Error: Git error
	at ChildProcess.<anonymous> (/home/volt/.vscode-server/bin/1e790d77f81672c49be070e04474901747115651/extensions/git/dist/main.js:2:1021375)
	at ChildProcess.emit (node:events:526:35)
	at ChildProcess._handle.onexit (node:internal/child_process:291:12)
2024-03-12 15:08:20.432 [error] Error: Git error
	at ChildProcess.<anonymous> (/home/volt/.vscode-server/bin/1e790d77f81672c49be070e04474901747115651/extensions/git/dist/main.js:2:1021375)
	at ChildProcess.emit (node:events:526:35)
	at ChildProcess._handle.onexit (node:internal/child_process:291:12)
2024-03-12 15:08:21.433 [error] Error: Git error
	at ChildProcess.<anonymous> (/home/volt/.vscode-server/bin/1e790d77f81672c49be070e04474901747115651/extensions/git/dist/main.js:2:1021375)
	at ChildProcess.emit (node:events:526:35)
	at ChildProcess._handle.onexit (node:internal/child_process:291:12)
2024-03-12 15:08:21.434 [error] Error: Git error
	at ChildProcess.<anonymous> (/home/volt/.vscode-server/bin/1e790d77f81672c49be070e04474901747115651/extensions/git/dist/main.js:2:1021375)
	at ChildProcess.emit (node:events:526:35)
	at ChildProcess._handle.onexit (node:internal/child_process:291:12)
2024-03-12 15:08:21.434 [error] Error: Git error
	at ChildProcess.<anonymous> (/home/volt/.vscode-server/bin/1e790d77f81672c49be070e04474901747115651/extensions/git/dist/main.js:2:1021375)
	at ChildProcess.emit (node:events:526:35)
	at ChildProcess._handle.onexit (node:internal/child_process:291:12)
2024-03-12 15:08:21.435 [error] Error: Git error
	at ChildProcess.<anonymous> (/home/volt/.vscode-server/bin/1e790d77f81672c49be070e04474901747115651/extensions/git/dist/main.js:2:1021375)
	at ChildProcess.emit (node:events:526:35)
	at ChildProcess._handle.onexit (node:internal/child_process:291:12)
2024-03-12 15:08:21.435 [error] Error: Git error
	at ChildProcess.<anonymous> (/home/volt/.vscode-server/bin/1e790d77f81672c49be070e04474901747115651/extensions/git/dist/main.js:2:1021375)
	at ChildProcess.emit (node:events:526:35)
	at ChildProcess._handle.onexit (node:internal/child_process:291:12)
2024-03-12 15:08:21.435 [error] Error: Git error
	at ChildProcess.<anonymous> (/home/volt/.vscode-server/bin/1e790d77f81672c49be070e04474901747115651/extensions/git/dist/main.js:2:1021375)
	at ChildProcess.emit (node:events:526:35)
	at ChildProcess._handle.onexit (node:internal/child_process:291:12)
2024-03-12 15:08:21.435 [error] Error: Git error
	at ChildProcess.<anonymous> (/home/volt/.vscode-server/bin/1e790d77f81672c49be070e04474901747115651/extensions/git/dist/main.js:2:1021375)
	at ChildProcess.emit (node:events:526:35)
	at ChildProcess._handle.onexit (node:internal/child_process:291:12)
2024-03-12 15:08:21.435 [error] Error: Git error
	at ChildProcess.<anonymous> (/home/volt/.vscode-server/bin/1e790d77f81672c49be070e04474901747115651/extensions/git/dist/main.js:2:1021375)
	at ChildProcess.emit (node:events:526:35)
	at ChildProcess._handle.onexit (node:internal/child_process:291:12)
2024-03-12 15:08:21.436 [error] Error: Git error
	at ChildProcess.<anonymous> (/home/volt/.vscode-server/bin/1e790d77f81672c49be070e04474901747115651/extensions/git/dist/main.js:2:1021375)
	at ChildProcess.emit (node:events:526:35)
	at ChildProcess._handle.onexit (node:internal/child_process:291:12)
2024-03-12 15:08:21.436 [error] Error: Git error
	at ChildProcess.<anonymous> (/home/volt/.vscode-server/bin/1e790d77f81672c49be070e04474901747115651/extensions/git/dist/main.js:2:1021375)
	at ChildProcess.emit (node:events:526:35)
	at ChildProcess._handle.onexit (node:internal/child_process:291:12)
2024-03-12 15:08:21.436 [error] Error: Git error
	at ChildProcess.<anonymous> (/home/volt/.vscode-server/bin/1e790d77f81672c49be070e04474901747115651/extensions/git/dist/main.js:2:1021375)
	at ChildProcess.emit (node:events:526:35)
	at ChildProcess._handle.onexit (node:internal/child_process:291:12)
2024-03-12 15:08:21.436 [error] Error: Git error
	at ChildProcess.<anonymous> (/home/volt/.vscode-server/bin/1e790d77f81672c49be070e04474901747115651/extensions/git/dist/main.js:2:1021375)
	at ChildProcess.emit (node:events:526:35)
	at ChildProcess._handle.onexit (node:internal/child_process:291:12)
2024-03-12 15:08:21.437 [error] Error: Git error
	at ChildProcess.<anonymous> (/home/volt/.vscode-server/bin/1e790d77f81672c49be070e04474901747115651/extensions/git/dist/main.js:2:1021375)
	at ChildProcess.emit (node:events:526:35)
	at ChildProcess._handle.onexit (node:internal/child_process:291:12)
2024-03-12 15:08:21.437 [error] Error: Git error
	at ChildProcess.<anonymous> (/home/volt/.vscode-server/bin/1e790d77f81672c49be070e04474901747115651/extensions/git/dist/main.js:2:1021375)
	at ChildProcess.emit (node:events:526:35)
	at ChildProcess._handle.onexit (node:internal/child_process:291:12)
2024-03-12 15:08:21.437 [error] Error: Git error
	at ChildProcess.<anonymous> (/home/volt/.vscode-server/bin/1e790d77f81672c49be070e04474901747115651/extensions/git/dist/main.js:2:1021375)
	at ChildProcess.emit (node:events:526:35)
	at ChildProcess._handle.onexit (node:internal/child_process:291:12)
2024-03-12 15:08:21.437 [error] Error: Git error
	at ChildProcess.<anonymous> (/home/volt/.vscode-server/bin/1e790d77f81672c49be070e04474901747115651/extensions/git/dist/main.js:2:1021375)
	at ChildProcess.emit (node:events:526:35)
	at ChildProcess._handle.onexit (node:internal/child_process:291:12)
2024-03-12 15:08:21.437 [error] Error: Git error
	at ChildProcess.<anonymous> (/home/volt/.vscode-server/bin/1e790d77f81672c49be070e04474901747115651/extensions/git/dist/main.js:2:1021375)
	at ChildProcess.emit (node:events:526:35)
	at ChildProcess._handle.onexit (node:internal/child_process:291:12)
2024-03-12 15:08:21.437 [error] Error: Git error
	at ChildProcess.<anonymous> (/home/volt/.vscode-server/bin/1e790d77f81672c49be070e04474901747115651/extensions/git/dist/main.js:2:1021375)
	at ChildProcess.emit (node:events:526:35)
	at ChildProcess._handle.onexit (node:internal/child_process:291:12)
2024-03-12 15:08:21.438 [error] Error: Git error
	at ChildProcess.<anonymous> (/home/volt/.vscode-server/bin/1e790d77f81672c49be070e04474901747115651/extensions/git/dist/main.js:2:1021375)
	at ChildProcess.emit (node:events:526:35)
	at ChildProcess._handle.onexit (node:internal/child_process:291:12)
2024-03-12 15:08:21.438 [error] Error: Git error
	at ChildProcess.<anonymous> (/home/volt/.vscode-server/bin/1e790d77f81672c49be070e04474901747115651/extensions/git/dist/main.js:2:1021375)
	at ChildProcess.emit (node:events:526:35)
	at ChildProcess._handle.onexit (node:internal/child_process:291:12)
2024-03-12 15:08:21.438 [error] Error: Git error
	at ChildProcess.<anonymous> (/home/volt/.vscode-server/bin/1e790d77f81672c49be070e04474901747115651/extensions/git/dist/main.js:2:1021375)
	at ChildProcess.emit (node:events:526:35)
	at ChildProcess._handle.onexit (node:internal/child_process:291:12)
2024-03-12 15:08:21.438 [error] Error: Git error
	at ChildProcess.<anonymous> (/home/volt/.vscode-server/bin/1e790d77f81672c49be070e04474901747115651/extensions/git/dist/main.js:2:1021375)
	at ChildProcess.emit (node:events:526:35)
	at ChildProcess._handle.onexit (node:internal/child_process:291:12)
2024-03-12 15:08:21.438 [error] Error: Git error
	at ChildProcess.<anonymous> (/home/volt/.vscode-server/bin/1e790d77f81672c49be070e04474901747115651/extensions/git/dist/main.js:2:1021375)
	at ChildProcess.emit (node:events:526:35)
	at ChildProcess._handle.onexit (node:internal/child_process:291:12)
2024-03-12 15:08:21.439 [error] Error: Git error
	at ChildProcess.<anonymous> (/home/volt/.vscode-server/bin/1e790d77f81672c49be070e04474901747115651/extensions/git/dist/main.js:2:1021375)
	at ChildProcess.emit (node:events:526:35)
	at ChildProcess._handle.onexit (node:internal/child_process:291:12)
2024-03-12 15:08:21.439 [error] Error: Git error
	at ChildProcess.<anonymous> (/home/volt/.vscode-server/bin/1e790d77f81672c49be070e04474901747115651/extensions/git/dist/main.js:2:1021375)
	at ChildProcess.emit (node:events:526:35)
	at ChildProcess._handle.onexit (node:internal/child_process:291:12)
2024-03-12 15:08:21.439 [error] Error: Git error
	at ChildProcess.<anonymous> (/home/volt/.vscode-server/bin/1e790d77f81672c49be070e04474901747115651/extensions/git/dist/main.js:2:1021375)
	at ChildProcess.emit (node:events:526:35)
	at ChildProcess._handle.onexit (node:internal/child_process:291:12)
2024-03-12 15:08:21.439 [error] Error: Git error
	at ChildProcess.<anonymous> (/home/volt/.vscode-server/bin/1e790d77f81672c49be070e04474901747115651/extensions/git/dist/main.js:2:1021375)
	at ChildProcess.emit (node:events:526:35)
	at ChildProcess._handle.onexit (node:internal/child_process:291:12)
2024-03-12 15:08:21.439 [error] Error: Git error
	at ChildProcess.<anonymous> (/home/volt/.vscode-server/bin/1e790d77f81672c49be070e04474901747115651/extensions/git/dist/main.js:2:1021375)
	at ChildProcess.emit (node:events:526:35)
	at ChildProcess._handle.onexit (node:internal/child_process:291:12)
2024-03-12 15:08:21.439 [error] Error: Git error
	at ChildProcess.<anonymous> (/home/volt/.vscode-server/bin/1e790d77f81672c49be070e04474901747115651/extensions/git/dist/main.js:2:1021375)
	at ChildProcess.emit (node:events:526:35)
	at ChildProcess._handle.onexit (node:internal/child_process:291:12)
2024-03-12 15:08:21.439 [error] Error: Git error
	at ChildProcess.<anonymous> (/home/volt/.vscode-server/bin/1e790d77f81672c49be070e04474901747115651/extensions/git/dist/main.js:2:1021375)
	at ChildProcess.emit (node:events:526:35)
	at ChildProcess._handle.onexit (node:internal/child_process:291:12)
2024-03-12 15:08:21.439 [error] Error: Git error
	at ChildProcess.<anonymous> (/home/volt/.vscode-server/bin/1e790d77f81672c49be070e04474901747115651/extensions/git/dist/main.js:2:1021375)
	at ChildProcess.emit (node:events:526:35)
	at ChildProcess._handle.onexit (node:internal/child_process:291:12)
