2024-03-11 17:33:46.415 [info] Extension host with pid 1951 started
2024-03-11 17:33:46.437 [info] ExtensionService#_doActivateExtension vscode.emmet, startup: false, activationEvent: 'onLanguage'
2024-03-11 17:33:46.453 [info] Lock '/home/volt/.vscode-server/data/User/workspaceStorage/2190b9ffffb8e1ad4ac57db46be0e796/vscode.lock': Lock acquired.
2024-03-11 17:33:46.504 [info] ExtensionService#_doActivateExtension vscode.git-base, startup: true, activationEvent: '*', root cause: vscode.git
2024-03-11 17:33:46.519 [info] ExtensionService#_doActivateExtension vscode.git, startup: true, activationEvent: '*'
2024-03-11 17:33:46.519 [info] ExtensionService#_doActivateExtension vscode.github, startup: true, activationEvent: '*'
2024-03-11 17:33:46.648 [info] Eager extensions activated
2024-03-11 17:33:46.648 [info] ExtensionService#_doActivateExtension vscode.debug-auto-launch, startup: false, activationEvent: 'onStartupFinished'
2024-03-11 17:33:46.648 [info] ExtensionService#_doActivateExtension vscode.merge-conflict, startup: false, activationEvent: 'onStartupFinished'
2024-03-11 18:10:39.808 [info] ExtensionService#_doActivateExtension vscode.npm, startup: false, activationEvent: 'onTerminalQuickFixRequest:ms-vscode.npm-command'
2024-03-11 19:11:57.060 [warning] [Decorations] CAPPING events from decorations provider vscode.git 1188
2024-03-11 19:11:57.093 [warning] [Decorations] CAPPING events from decorations provider vscode.git 1188
2024-03-11 19:11:59.989 [warning] [Decorations] CAPPING events from decorations provider vscode.git 1188
2024-03-11 19:12:05.991 [warning] [Decorations] CAPPING events from decorations provider vscode.git 1188
2024-03-11 19:12:14.240 [warning] [Decorations] CAPPING events from decorations provider vscode.git 1188
2024-03-11 19:12:19.264 [warning] [Decorations] CAPPING events from decorations provider vscode.git 1188
2024-03-11 19:12:24.288 [warning] [Decorations] CAPPING events from decorations provider vscode.git 1188
2024-03-11 19:13:12.991 [warning] [Decorations] CAPPING events from decorations provider vscode.git 1188
2024-03-11 19:13:18.016 [warning] [Decorations] CAPPING events from decorations provider vscode.git 1188
2024-03-11 19:13:23.039 [warning] [Decorations] CAPPING events from decorations provider vscode.git 1188
2024-03-11 19:13:28.064 [warning] [Decorations] CAPPING events from decorations provider vscode.git 1188
2024-03-11 19:13:33.090 [warning] [Decorations] CAPPING events from decorations provider vscode.git 1188
2024-03-11 19:18:24.743 [warning] [Decorations] CAPPING events from decorations provider vscode.git 1188
2024-03-11 19:18:29.767 [warning] [Decorations] CAPPING events from decorations provider vscode.git 1188
2024-03-11 19:18:38.205 [warning] [Decorations] CAPPING events from decorations provider vscode.git 1188
2024-03-11 19:18:43.228 [warning] [Decorations] CAPPING events from decorations provider vscode.git 1188
2024-03-11 19:18:48.255 [warning] [Decorations] CAPPING events from decorations provider vscode.git 1188
2024-03-11 19:18:53.280 [warning] [Decorations] CAPPING events from decorations provider vscode.git 1188
2024-03-11 19:18:58.302 [warning] [Decorations] CAPPING events from decorations provider vscode.git 1188
2024-03-11 19:19:03.325 [warning] [Decorations] CAPPING events from decorations provider vscode.git 1188
2024-03-11 19:19:08.349 [warning] [Decorations] CAPPING events from decorations provider vscode.git 1188
2024-03-11 19:19:13.372 [warning] [Decorations] CAPPING events from decorations provider vscode.git 1188
2024-03-11 19:19:18.396 [warning] [Decorations] CAPPING events from decorations provider vscode.git 1188
2024-03-11 19:19:23.419 [warning] [Decorations] CAPPING events from decorations provider vscode.git 1188
2024-03-11 19:19:28.441 [warning] [Decorations] CAPPING events from decorations provider vscode.git 1188
2024-03-11 19:19:34.232 [warning] [Decorations] CAPPING events from decorations provider vscode.git 1188
2024-03-11 19:19:39.255 [warning] [Decorations] CAPPING events from decorations provider vscode.git 1188
2024-03-11 19:19:44.278 [warning] [Decorations] CAPPING events from decorations provider vscode.git 1188
2024-03-11 19:19:49.302 [warning] [Decorations] CAPPING events from decorations provider vscode.git 1188
2024-03-11 19:19:54.325 [warning] [Decorations] CAPPING events from decorations provider vscode.git 1188
2024-03-11 19:19:59.348 [warning] [Decorations] CAPPING events from decorations provider vscode.git 1188
2024-03-11 19:24:15.185 [warning] [Decorations] CAPPING events from decorations provider vscode.git 1188
2024-03-11 19:24:20.209 [warning] [Decorations] CAPPING events from decorations provider vscode.git 1188
2024-03-11 19:24:25.234 [warning] [Decorations] CAPPING events from decorations provider vscode.git 1190
2024-03-11 19:24:30.260 [warning] [Decorations] CAPPING events from decorations provider vscode.git 1190
2024-03-11 19:24:35.284 [warning] [Decorations] CAPPING events from decorations provider vscode.git 1190
2024-03-11 19:24:40.308 [warning] [Decorations] CAPPING events from decorations provider vscode.git 1190
2024-03-11 19:24:48.561 [warning] [Decorations] CAPPING events from decorations provider vscode.git 1190
2024-03-11 19:24:53.583 [warning] [Decorations] CAPPING events from decorations provider vscode.git 1190
2024-03-11 19:24:58.605 [warning] [Decorations] CAPPING events from decorations provider vscode.git 1190
2024-03-11 19:25:03.629 [warning] [Decorations] CAPPING events from decorations provider vscode.git 1190
2024-03-11 19:25:08.653 [warning] [Decorations] CAPPING events from decorations provider vscode.git 1190
2024-03-11 19:25:13.675 [warning] [Decorations] CAPPING events from decorations provider vscode.git 1190
2024-03-11 19:25:18.700 [warning] [Decorations] CAPPING events from decorations provider vscode.git 1190
2024-03-11 19:25:23.724 [warning] [Decorations] CAPPING events from decorations provider vscode.git 1190
2024-03-11 19:28:10.609 [warning] [Decorations] CAPPING events from decorations provider vscode.git 1190
2024-03-11 19:28:15.633 [warning] [Decorations] CAPPING events from decorations provider vscode.git 1190
2024-03-11 19:28:20.656 [warning] [Decorations] CAPPING events from decorations provider vscode.git 1190
2024-03-11 19:28:25.680 [warning] [Decorations] CAPPING events from decorations provider vscode.git 1190
2024-03-11 19:28:30.703 [warning] [Decorations] CAPPING events from decorations provider vscode.git 1190
2024-03-11 19:28:35.723 [warning] [Decorations] CAPPING events from decorations provider vscode.git 1190
2024-03-11 19:28:40.745 [warning] [Decorations] CAPPING events from decorations provider vscode.git 1190
2024-03-11 19:28:45.767 [warning] [Decorations] CAPPING events from decorations provider vscode.git 1190
2024-03-11 19:28:50.790 [warning] [Decorations] CAPPING events from decorations provider vscode.git 1190
2024-03-11 19:28:55.813 [warning] [Decorations] CAPPING events from decorations provider vscode.git 1190
2024-03-11 19:29:00.836 [warning] [Decorations] CAPPING events from decorations provider vscode.git 1190
2024-03-11 19:29:05.858 [warning] [Decorations] CAPPING events from decorations provider vscode.git 1190
2024-03-11 19:29:10.881 [warning] [Decorations] CAPPING events from decorations provider vscode.git 1190
2024-03-11 19:29:15.904 [warning] [Decorations] CAPPING events from decorations provider vscode.git 1190
2024-03-11 19:29:20.927 [warning] [Decorations] CAPPING events from decorations provider vscode.git 1190
2024-03-11 19:29:25.949 [warning] [Decorations] CAPPING events from decorations provider vscode.git 1190
2024-03-11 19:29:30.972 [warning] [Decorations] CAPPING events from decorations provider vscode.git 1190
2024-03-11 19:29:35.994 [warning] [Decorations] CAPPING events from decorations provider vscode.git 1190
2024-03-11 19:29:41.017 [warning] [Decorations] CAPPING events from decorations provider vscode.git 1190
2024-03-11 19:29:46.038 [warning] [Decorations] CAPPING events from decorations provider vscode.git 1190
2024-03-11 19:29:51.060 [warning] [Decorations] CAPPING events from decorations provider vscode.git 1190
2024-03-11 19:29:56.082 [warning] [Decorations] CAPPING events from decorations provider vscode.git 1190
2024-03-11 19:30:01.104 [warning] [Decorations] CAPPING events from decorations provider vscode.git 1190
2024-03-11 19:30:06.126 [warning] [Decorations] CAPPING events from decorations provider vscode.git 1190
2024-03-11 19:30:11.147 [warning] [Decorations] CAPPING events from decorations provider vscode.git 1190
2024-03-11 19:30:16.169 [warning] [Decorations] CAPPING events from decorations provider vscode.git 1190
2024-03-11 19:30:21.193 [warning] [Decorations] CAPPING events from decorations provider vscode.git 1190
2024-03-11 19:30:26.218 [warning] [Decorations] CAPPING events from decorations provider vscode.git 1190
2024-03-11 19:30:31.241 [warning] [Decorations] CAPPING events from decorations provider vscode.git 1190
2024-03-11 19:30:37.779 [warning] [Decorations] CAPPING events from decorations provider vscode.git 1190
2024-03-11 19:30:42.803 [warning] [Decorations] CAPPING events from decorations provider vscode.git 1190
2024-03-11 19:30:47.826 [warning] [Decorations] CAPPING events from decorations provider vscode.git 1190
2024-03-11 19:30:52.849 [warning] [Decorations] CAPPING events from decorations provider vscode.git 1190
2024-03-11 19:30:57.872 [warning] [Decorations] CAPPING events from decorations provider vscode.git 1190
2024-03-11 19:31:02.897 [warning] [Decorations] CAPPING events from decorations provider vscode.git 1190
2024-03-11 19:31:07.917 [warning] [Decorations] CAPPING events from decorations provider vscode.git 1190
2024-03-11 19:31:12.940 [warning] [Decorations] CAPPING events from decorations provider vscode.git 1190
2024-03-11 19:31:17.961 [warning] [Decorations] CAPPING events from decorations provider vscode.git 1190
2024-03-11 19:31:22.984 [warning] [Decorations] CAPPING events from decorations provider vscode.git 1190
2024-03-11 19:31:28.008 [warning] [Decorations] CAPPING events from decorations provider vscode.git 1190
2024-03-11 19:31:33.031 [warning] [Decorations] CAPPING events from decorations provider vscode.git 1190
2024-03-11 19:31:38.054 [warning] [Decorations] CAPPING events from decorations provider vscode.git 1190
2024-03-11 19:31:43.077 [warning] [Decorations] CAPPING events from decorations provider vscode.git 1190
2024-03-11 19:31:48.504 [warning] [Decorations] CAPPING events from decorations provider vscode.git 1190
2024-03-11 19:32:04.966 [warning] [Decorations] CAPPING events from decorations provider vscode.git 1190
2024-03-11 19:32:09.992 [warning] [Decorations] CAPPING events from decorations provider vscode.git 1190
2024-03-11 19:32:15.016 [warning] [Decorations] CAPPING events from decorations provider vscode.git 1190
2024-03-11 19:32:20.038 [warning] [Decorations] CAPPING events from decorations provider vscode.git 1190
2024-03-11 19:37:12.238 [warning] [Decorations] CAPPING events from decorations provider vscode.git 1190
2024-03-11 19:37:17.261 [warning] [Decorations] CAPPING events from decorations provider vscode.git 1190
2024-03-11 19:37:22.285 [warning] [Decorations] CAPPING events from decorations provider vscode.git 1190
2024-03-11 19:37:27.314 [warning] [Decorations] CAPPING events from decorations provider vscode.git 1190
2024-03-11 19:37:32.338 [warning] [Decorations] CAPPING events from decorations provider vscode.git 1190
2024-03-11 19:37:37.361 [warning] [Decorations] CAPPING events from decorations provider vscode.git 1190
2024-03-11 19:37:43.444 [warning] [Decorations] CAPPING events from decorations provider vscode.git 1190
2024-03-11 19:38:42.310 [warning] [Decorations] CAPPING events from decorations provider vscode.git 1190
2024-03-11 19:38:47.332 [warning] [Decorations] CAPPING events from decorations provider vscode.git 1190
2024-03-11 19:38:52.366 [warning] [Decorations] CAPPING events from decorations provider vscode.git 1190
2024-03-11 19:48:43.472 [warning] [Decorations] CAPPING events from decorations provider vscode.git 1190
2024-03-11 19:48:48.498 [warning] [Decorations] CAPPING events from decorations provider vscode.git 1190
2024-03-11 19:49:04.365 [warning] [Decorations] CAPPING events from decorations provider vscode.git 1190
2024-03-11 19:49:09.388 [warning] [Decorations] CAPPING events from decorations provider vscode.git 1190
2024-03-11 19:51:17.040 [warning] [Decorations] CAPPING events from decorations provider vscode.git 1190
2024-03-11 19:51:22.062 [warning] [Decorations] CAPPING events from decorations provider vscode.git 1190
2024-03-11 19:51:27.084 [warning] [Decorations] CAPPING events from decorations provider vscode.git 1190
2024-03-11 19:51:32.107 [warning] [Decorations] CAPPING events from decorations provider vscode.git 1190
2024-03-11 19:55:10.773 [warning] [Decorations] CAPPING events from decorations provider vscode.git 1190
2024-03-11 19:55:15.795 [warning] [Decorations] CAPPING events from decorations provider vscode.git 1190
2024-03-11 19:55:20.818 [warning] [Decorations] CAPPING events from decorations provider vscode.git 1190
2024-03-11 19:55:25.839 [warning] [Decorations] CAPPING events from decorations provider vscode.git 1190
2024-03-11 19:55:30.861 [warning] [Decorations] CAPPING events from decorations provider vscode.git 1190
2024-03-11 19:55:47.774 [warning] [Decorations] CAPPING events from decorations provider vscode.git 1190
2024-03-11 19:55:54.035 [warning] [Decorations] CAPPING events from decorations provider vscode.git 1190
2024-03-11 19:56:01.258 [warning] [Decorations] CAPPING events from decorations provider vscode.git 1190
2024-03-11 19:56:13.539 [warning] [Decorations] CAPPING events from decorations provider vscode.git 1190
2024-03-11 19:56:18.562 [warning] [Decorations] CAPPING events from decorations provider vscode.git 1190
2024-03-11 20:22:44.044 [warning] [Decorations] CAPPING events from decorations provider vscode.git 1190
2024-03-11 20:22:49.068 [warning] [Decorations] CAPPING events from decorations provider vscode.git 1190
2024-03-11 20:22:54.093 [warning] [Decorations] CAPPING events from decorations provider vscode.git 1190
2024-03-11 20:22:59.115 [warning] [Decorations] CAPPING events from decorations provider vscode.git 1190
2024-03-11 20:23:04.139 [warning] [Decorations] CAPPING events from decorations provider vscode.git 1190
2024-03-11 20:23:09.163 [warning] [Decorations] CAPPING events from decorations provider vscode.git 1190
2024-03-11 20:23:14.186 [warning] [Decorations] CAPPING events from decorations provider vscode.git 1190
2024-03-11 20:23:19.210 [warning] [Decorations] CAPPING events from decorations provider vscode.git 1190
2024-03-11 20:23:24.233 [warning] [Decorations] CAPPING events from decorations provider vscode.git 1190
2024-03-11 20:23:29.257 [warning] [Decorations] CAPPING events from decorations provider vscode.git 1190
2024-03-11 20:23:35.642 [warning] [Decorations] CAPPING events from decorations provider vscode.git 1191
2024-03-11 20:23:55.554 [warning] [Decorations] CAPPING events from decorations provider vscode.git 1191
2024-03-11 20:24:00.578 [warning] [Decorations] CAPPING events from decorations provider vscode.git 1191
2024-03-11 20:24:05.600 [warning] [Decorations] CAPPING events from decorations provider vscode.git 1191
2024-03-11 20:24:10.622 [warning] [Decorations] CAPPING events from decorations provider vscode.git 1191
2024-03-11 20:24:15.645 [warning] [Decorations] CAPPING events from decorations provider vscode.git 1191
2024-03-11 20:24:21.957 [warning] [Decorations] CAPPING events from decorations provider vscode.git 1191
2024-03-11 20:24:26.980 [warning] [Decorations] CAPPING events from decorations provider vscode.git 1191
2024-03-11 20:24:32.005 [warning] [Decorations] CAPPING events from decorations provider vscode.git 1191
2024-03-11 20:24:43.982 [warning] [Decorations] CAPPING events from decorations provider vscode.git 1193
2024-03-11 20:24:49.006 [warning] [Decorations] CAPPING events from decorations provider vscode.git 1193
2024-03-11 20:24:54.028 [warning] [Decorations] CAPPING events from decorations provider vscode.git 1193
2024-03-11 20:24:59.053 [warning] [Decorations] CAPPING events from decorations provider vscode.git 1193
2024-03-11 20:25:04.079 [warning] [Decorations] CAPPING events from decorations provider vscode.git 1193
2024-03-11 20:25:09.103 [warning] [Decorations] CAPPING events from decorations provider vscode.git 1193
2024-03-11 20:25:14.127 [warning] [Decorations] CAPPING events from decorations provider vscode.git 1193
2024-03-11 20:25:22.646 [warning] [Decorations] CAPPING events from decorations provider vscode.git 1193
2024-03-11 20:25:45.715 [warning] [Decorations] CAPPING events from decorations provider vscode.git 1193
2024-03-11 20:25:50.737 [warning] [Decorations] CAPPING events from decorations provider vscode.git 1193
2024-03-11 20:25:55.760 [warning] [Decorations] CAPPING events from decorations provider vscode.git 1193
2024-03-11 20:27:02.637 [warning] [Decorations] CAPPING events from decorations provider vscode.git 1193
2024-03-11 20:27:07.660 [warning] [Decorations] CAPPING events from decorations provider vscode.git 1193
2024-03-11 20:27:20.876 [warning] [Decorations] CAPPING events from decorations provider vscode.git 1193
2024-03-11 20:27:25.900 [warning] [Decorations] CAPPING events from decorations provider vscode.git 1193
2024-03-11 20:27:30.923 [warning] [Decorations] CAPPING events from decorations provider vscode.git 1193
2024-03-11 20:27:35.946 [warning] [Decorations] CAPPING events from decorations provider vscode.git 1193
2024-03-11 20:28:04.890 [warning] [Decorations] CAPPING events from decorations provider vscode.git 1193
2024-03-11 20:28:09.912 [warning] [Decorations] CAPPING events from decorations provider vscode.git 1193
2024-03-11 20:28:14.936 [warning] [Decorations] CAPPING events from decorations provider vscode.git 1193
2024-03-11 20:28:19.957 [warning] [Decorations] CAPPING events from decorations provider vscode.git 1193
2024-03-11 20:28:27.319 [warning] [Decorations] CAPPING events from decorations provider vscode.git 1193
2024-03-11 20:28:32.807 [warning] [Decorations] CAPPING events from decorations provider vscode.git 1193
2024-03-11 20:28:37.831 [warning] [Decorations] CAPPING events from decorations provider vscode.git 1193
2024-03-11 20:28:49.521 [warning] [Decorations] CAPPING events from decorations provider vscode.git 1193
2024-03-11 20:28:54.543 [warning] [Decorations] CAPPING events from decorations provider vscode.git 1193
2024-03-11 20:28:59.818 [warning] [Decorations] CAPPING events from decorations provider vscode.git 1193
2024-03-11 20:29:04.842 [warning] [Decorations] CAPPING events from decorations provider vscode.git 1193
2024-03-11 20:29:09.865 [warning] [Decorations] CAPPING events from decorations provider vscode.git 1193
2024-03-11 20:29:14.888 [warning] [Decorations] CAPPING events from decorations provider vscode.git 1193
2024-03-11 20:29:19.911 [warning] [Decorations] CAPPING events from decorations provider vscode.git 1193
2024-03-11 20:29:24.934 [warning] [Decorations] CAPPING events from decorations provider vscode.git 1193
2024-03-11 20:29:29.959 [warning] [Decorations] CAPPING events from decorations provider vscode.git 1193
2024-03-11 20:29:34.982 [warning] [Decorations] CAPPING events from decorations provider vscode.git 1193
2024-03-11 20:29:40.005 [warning] [Decorations] CAPPING events from decorations provider vscode.git 1193
2024-03-11 20:29:45.030 [warning] [Decorations] CAPPING events from decorations provider vscode.git 1193
2024-03-11 20:29:50.054 [warning] [Decorations] CAPPING events from decorations provider vscode.git 1193
2024-03-11 20:29:55.079 [warning] [Decorations] CAPPING events from decorations provider vscode.git 1193
2024-03-11 20:30:00.103 [warning] [Decorations] CAPPING events from decorations provider vscode.git 1193
2024-03-11 20:30:05.129 [warning] [Decorations] CAPPING events from decorations provider vscode.git 1193
2024-03-11 20:30:10.154 [warning] [Decorations] CAPPING events from decorations provider vscode.git 1193
2024-03-11 20:30:15.178 [warning] [Decorations] CAPPING events from decorations provider vscode.git 1194
2024-03-11 20:30:20.202 [warning] [Decorations] CAPPING events from decorations provider vscode.git 1194
2024-03-11 20:30:25.227 [warning] [Decorations] CAPPING events from decorations provider vscode.git 1194
2024-03-11 20:30:30.252 [warning] [Decorations] CAPPING events from decorations provider vscode.git 1194
2024-03-11 20:30:35.277 [warning] [Decorations] CAPPING events from decorations provider vscode.git 1194
2024-03-11 20:30:40.301 [warning] [Decorations] CAPPING events from decorations provider vscode.git 1194
2024-03-11 20:30:45.325 [warning] [Decorations] CAPPING events from decorations provider vscode.git 1194
2024-03-11 20:30:50.349 [warning] [Decorations] CAPPING events from decorations provider vscode.git 1194
2024-03-11 20:30:59.863 [warning] [Decorations] CAPPING events from decorations provider vscode.git 1194
2024-03-11 20:31:04.887 [warning] [Decorations] CAPPING events from decorations provider vscode.git 1194
2024-03-11 20:31:09.911 [warning] [Decorations] CAPPING events from decorations provider vscode.git 1194
2024-03-11 20:31:42.062 [warning] [Decorations] CAPPING events from decorations provider vscode.git 1194
2024-03-11 20:31:47.088 [warning] [Decorations] CAPPING events from decorations provider vscode.git 1194
2024-03-11 20:31:53.036 [warning] [Decorations] CAPPING events from decorations provider vscode.git 1194
2024-03-11 20:31:59.516 [warning] [Decorations] CAPPING events from decorations provider vscode.git 1194
2024-03-11 20:34:53.568 [warning] [Decorations] CAPPING events from decorations provider vscode.git 1194
2024-03-11 20:34:58.592 [warning] [Decorations] CAPPING events from decorations provider vscode.git 1194
2024-03-11 20:35:06.027 [warning] [Decorations] CAPPING events from decorations provider vscode.git 1194
2024-03-11 20:35:11.049 [warning] [Decorations] CAPPING events from decorations provider vscode.git 1194
2024-03-11 20:35:16.072 [warning] [Decorations] CAPPING events from decorations provider vscode.git 1194
2024-03-11 20:35:21.094 [warning] [Decorations] CAPPING events from decorations provider vscode.git 1193
2024-03-11 20:35:26.115 [warning] [Decorations] CAPPING events from decorations provider vscode.git 1193
2024-03-11 20:35:31.141 [warning] [Decorations] CAPPING events from decorations provider vscode.git 1193
2024-03-11 20:35:36.164 [warning] [Decorations] CAPPING events from decorations provider vscode.git 1194
2024-03-11 20:35:41.187 [warning] [Decorations] CAPPING events from decorations provider vscode.git 1194
2024-03-11 20:35:46.211 [warning] [Decorations] CAPPING events from decorations provider vscode.git 1194
2024-03-11 20:35:51.235 [warning] [Decorations] CAPPING events from decorations provider vscode.git 1194
2024-03-11 20:35:56.261 [warning] [Decorations] CAPPING events from decorations provider vscode.git 1194
2024-03-11 20:36:13.285 [warning] [Decorations] CAPPING events from decorations provider vscode.git 1194
2024-03-11 20:36:18.312 [warning] [Decorations] CAPPING events from decorations provider vscode.git 1194
2024-03-11 20:36:23.336 [warning] [Decorations] CAPPING events from decorations provider vscode.git 1194
2024-03-11 20:36:28.359 [warning] [Decorations] CAPPING events from decorations provider vscode.git 1194
2024-03-11 20:36:33.382 [warning] [Decorations] CAPPING events from decorations provider vscode.git 1194
2024-03-11 20:36:43.450 [warning] [Decorations] CAPPING events from decorations provider vscode.git 1194
2024-03-11 20:36:48.476 [warning] [Decorations] CAPPING events from decorations provider vscode.git 1194
2024-03-11 20:36:57.104 [warning] [Decorations] CAPPING events from decorations provider vscode.git 1194
2024-03-11 20:37:20.931 [warning] [Decorations] CAPPING events from decorations provider vscode.git 1194
2024-03-11 20:37:25.957 [warning] [Decorations] CAPPING events from decorations provider vscode.git 1194
2024-03-11 20:37:30.981 [warning] [Decorations] CAPPING events from decorations provider vscode.git 1194
2024-03-11 20:37:36.005 [warning] [Decorations] CAPPING events from decorations provider vscode.git 1194
2024-03-11 20:37:41.031 [warning] [Decorations] CAPPING events from decorations provider vscode.git 1194
2024-03-11 20:37:46.055 [warning] [Decorations] CAPPING events from decorations provider vscode.git 1194
2024-03-11 20:38:02.491 [warning] [Decorations] CAPPING events from decorations provider vscode.git 1194
2024-03-11 20:38:07.515 [warning] [Decorations] CAPPING events from decorations provider vscode.git 1194
2024-03-11 20:38:12.540 [warning] [Decorations] CAPPING events from decorations provider vscode.git 1194
2024-03-11 20:38:37.383 [warning] [Decorations] CAPPING events from decorations provider vscode.git 1194
2024-03-11 20:38:42.406 [warning] [Decorations] CAPPING events from decorations provider vscode.git 1193
2024-03-11 20:38:47.430 [warning] [Decorations] CAPPING events from decorations provider vscode.git 1193
2024-03-11 20:38:52.452 [warning] [Decorations] CAPPING events from decorations provider vscode.git 1193
2024-03-11 20:38:57.476 [warning] [Decorations] CAPPING events from decorations provider vscode.git 1193
2024-03-11 20:39:02.499 [warning] [Decorations] CAPPING events from decorations provider vscode.git 1193
2024-03-11 20:56:22.421 [warning] [Decorations] CAPPING events from decorations provider vscode.git 1193
2024-03-11 20:56:27.442 [warning] [Decorations] CAPPING events from decorations provider vscode.git 1193
2024-03-11 20:56:47.227 [warning] [Decorations] CAPPING events from decorations provider vscode.git 1193
2024-03-11 20:56:52.251 [warning] [Decorations] CAPPING events from decorations provider vscode.git 1193
2024-03-11 20:56:57.276 [warning] [Decorations] CAPPING events from decorations provider vscode.git 1193
2024-03-11 20:57:02.300 [warning] [Decorations] CAPPING events from decorations provider vscode.git 1193
2024-03-11 20:57:07.711 [warning] [Decorations] CAPPING events from decorations provider vscode.git 1193
2024-03-11 20:57:12.733 [warning] [Decorations] CAPPING events from decorations provider vscode.git 1193
2024-03-11 20:57:17.758 [warning] [Decorations] CAPPING events from decorations provider vscode.git 1193
2024-03-11 20:57:53.465 [warning] [Decorations] CAPPING events from decorations provider vscode.git 1193
2024-03-11 20:57:58.495 [warning] [Decorations] CAPPING events from decorations provider vscode.git 1193
2024-03-11 20:58:03.520 [warning] [Decorations] CAPPING events from decorations provider vscode.git 1193
2024-03-11 20:58:08.545 [warning] [Decorations] CAPPING events from decorations provider vscode.git 1193
2024-03-11 20:58:13.568 [warning] [Decorations] CAPPING events from decorations provider vscode.git 1193
2024-03-11 20:58:18.592 [warning] [Decorations] CAPPING events from decorations provider vscode.git 1193
2024-03-11 20:58:23.615 [warning] [Decorations] CAPPING events from decorations provider vscode.git 1193
2024-03-11 20:58:28.641 [warning] [Decorations] CAPPING events from decorations provider vscode.git 1193
2024-03-11 20:58:33.667 [warning] [Decorations] CAPPING events from decorations provider vscode.git 1193
2024-03-11 20:58:38.690 [warning] [Decorations] CAPPING events from decorations provider vscode.git 1193
2024-03-11 20:58:43.714 [warning] [Decorations] CAPPING events from decorations provider vscode.git 1193
2024-03-11 20:58:48.740 [warning] [Decorations] CAPPING events from decorations provider vscode.git 1193
2024-03-11 20:58:56.996 [warning] [Decorations] CAPPING events from decorations provider vscode.git 1193
2024-03-11 20:59:02.020 [warning] [Decorations] CAPPING events from decorations provider vscode.git 1193
2024-03-11 20:59:07.042 [warning] [Decorations] CAPPING events from decorations provider vscode.git 1193
2024-03-11 20:59:12.066 [warning] [Decorations] CAPPING events from decorations provider vscode.git 1193
2024-03-11 20:59:17.090 [warning] [Decorations] CAPPING events from decorations provider vscode.git 1193
2024-03-11 20:59:22.113 [warning] [Decorations] CAPPING events from decorations provider vscode.git 1193
2024-03-11 20:59:27.138 [warning] [Decorations] CAPPING events from decorations provider vscode.git 1193
2024-03-11 20:59:32.162 [warning] [Decorations] CAPPING events from decorations provider vscode.git 1193
2024-03-11 20:59:37.186 [warning] [Decorations] CAPPING events from decorations provider vscode.git 1193
2024-03-11 20:59:42.211 [warning] [Decorations] CAPPING events from decorations provider vscode.git 1193
2024-03-11 20:59:47.236 [warning] [Decorations] CAPPING events from decorations provider vscode.git 1193
2024-03-11 20:59:52.260 [warning] [Decorations] CAPPING events from decorations provider vscode.git 1193
2024-03-11 20:59:57.284 [warning] [Decorations] CAPPING events from decorations provider vscode.git 1193
2024-03-11 21:00:02.309 [warning] [Decorations] CAPPING events from decorations provider vscode.git 1193
2024-03-11 21:00:11.654 [warning] [Decorations] CAPPING events from decorations provider vscode.git 1193
2024-03-11 21:00:16.678 [warning] [Decorations] CAPPING events from decorations provider vscode.git 1193
2024-03-11 21:00:21.702 [warning] [Decorations] CAPPING events from decorations provider vscode.git 1193
2024-03-11 21:00:26.727 [warning] [Decorations] CAPPING events from decorations provider vscode.git 1193
2024-03-11 21:00:31.750 [warning] [Decorations] CAPPING events from decorations provider vscode.git 1193
2024-03-11 21:00:36.775 [warning] [Decorations] CAPPING events from decorations provider vscode.git 1193
2024-03-11 21:00:41.797 [warning] [Decorations] CAPPING events from decorations provider vscode.git 1193
2024-03-11 21:00:46.822 [warning] [Decorations] CAPPING events from decorations provider vscode.git 1193
2024-03-11 21:00:51.846 [warning] [Decorations] CAPPING events from decorations provider vscode.git 1193
2024-03-11 21:00:56.868 [warning] [Decorations] CAPPING events from decorations provider vscode.git 1193
2024-03-11 21:01:01.891 [warning] [Decorations] CAPPING events from decorations provider vscode.git 1193
2024-03-11 21:01:06.916 [warning] [Decorations] CAPPING events from decorations provider vscode.git 1193
2024-03-11 21:01:11.940 [warning] [Decorations] CAPPING events from decorations provider vscode.git 1193
2024-03-11 21:01:16.963 [warning] [Decorations] CAPPING events from decorations provider vscode.git 1193
2024-03-11 21:01:40.292 [warning] [Decorations] CAPPING events from decorations provider vscode.git 1193
2024-03-11 21:01:45.317 [warning] [Decorations] CAPPING events from decorations provider vscode.git 1193
2024-03-11 21:01:53.234 [warning] [Decorations] CAPPING events from decorations provider vscode.git 1193
2024-03-11 21:01:58.258 [warning] [Decorations] CAPPING events from decorations provider vscode.git 1193
2024-03-11 21:02:03.282 [warning] [Decorations] CAPPING events from decorations provider vscode.git 1193
