2024-03-12 15:08:19.845 [info] Log level: Info
2024-03-12 15:08:19.845 [info] Validating found git in: "git"
2024-03-12 15:08:19.845 [info] Using git "2.34.1" from "git"
2024-03-12 15:08:19.845 [info] > git rev-parse --show-toplevel [15ms]
2024-03-12 15:08:19.845 [info] > git rev-parse --git-dir --git-common-dir [1ms]
2024-03-12 15:08:19.845 [info] Open repository: /home/volt
2024-03-12 15:08:19.867 [info] > git config --get commit.template [28ms]
2024-03-12 15:08:19.872 [info] > git rev-parse --show-toplevel [27ms]
2024-03-12 15:08:19.883 [info] > git rev-parse --git-dir --git-common-dir [2ms]
2024-03-12 15:08:19.886 [info] Open repository: /home/volt/python_fullstack_class
2024-03-12 15:08:19.896 [info] > git rev-parse --show-toplevel [1ms]
2024-03-12 15:08:19.897 [info] > git config --get commit.template [5ms]
2024-03-12 15:08:19.905 [info] > git for-each-ref --format=%(refname)%00%(upstream:short)%00%(objectname)%00%(upstream:track)%00%(upstream:remotename)%00%(upstream:remoteref) refs/heads/master refs/remotes/master [28ms]
2024-03-12 15:08:19.906 [info] > git rev-parse --show-toplevel [6ms]
2024-03-12 15:08:19.910 [info] > git rev-parse --show-toplevel [1ms]
2024-03-12 15:08:19.922 [info] > git for-each-ref --format=%(refname)%00%(upstream:short)%00%(objectname)%00%(upstream:track)%00%(upstream:remotename)%00%(upstream:remoteref) refs/heads/main refs/remotes/main [18ms]
2024-03-12 15:08:19.926 [warning] ENOENT: no such file or directory, open '/home/volt/python_fullstack_class/.git/refs/remotes/origin/main'
2024-03-12 15:08:19.926 [info] > git rev-parse --show-toplevel [6ms]
2024-03-12 15:08:19.931 [info] > git rev-parse refs/remotes/origin/main [5ms]
2024-03-12 15:08:19.935 [info] > git rev-parse --show-toplevel [4ms]
2024-03-12 15:08:19.947 [info] > git rev-parse --show-toplevel [7ms]
2024-03-12 15:08:19.953 [info] > git status -z -uall [18ms]
2024-03-12 15:08:19.964 [info] > git config --get commit.template [3ms]
2024-03-12 15:08:19.965 [info] > git for-each-ref --format=%(refname)%00%(upstream:short)%00%(objectname)%00%(upstream:track)%00%(upstream:remotename)%00%(upstream:remoteref) refs/heads/main refs/remotes/main [1ms]
2024-03-12 15:08:19.969 [warning] ENOENT: no such file or directory, open '/home/volt/python_fullstack_class/.git/refs/remotes/origin/main'
2024-03-12 15:08:19.969 [info] > git rev-parse refs/remotes/origin/main [0ms]
2024-03-12 15:08:19.973 [info] > git status -z -uall [1ms]
2024-03-12 15:08:20.114 [info] > git status -z -uall [199ms]
2024-03-12 15:08:20.135 [info] > git config --get commit.template [13ms]
2024-03-12 15:08:20.140 [info] > git for-each-ref --format=%(refname)%00%(upstream:short)%00%(objectname)%00%(upstream:track)%00%(upstream:remotename)%00%(upstream:remoteref) refs/heads/master refs/remotes/master [1ms]
2024-03-12 15:08:20.166 [info] > git status -z -uall [21ms]
2024-03-12 15:08:20.429 [info] > git check-ignore -v -z --stdin [4ms]
2024-03-12 15:08:20.432 [info] > git check-ignore -v -z --stdin [3ms]
2024-03-12 15:08:20.554 [info] > git show --textconv :module_2/lesson_1/src/solution_1.py [9ms]
2024-03-12 15:08:20.555 [info] > git ls-files --stage -- /home/volt/python_fullstack_class/module_2/lesson_1/src/solution_1.py [7ms]
2024-03-12 15:08:23.773 [info] > git config --get commit.template [1ms]
2024-03-12 15:08:23.776 [info] > git for-each-ref --format=%(refname)%00%(upstream:short)%00%(objectname)%00%(upstream:track)%00%(upstream:remotename)%00%(upstream:remoteref) refs/heads/master refs/remotes/master [1ms]
2024-03-12 15:08:23.796 [info] > git status -z -uall [18ms]
2024-03-12 15:08:28.804 [info] > git config --get commit.template [3ms]
2024-03-12 15:08:28.804 [info] > git for-each-ref --format=%(refname)%00%(upstream:short)%00%(objectname)%00%(upstream:track)%00%(upstream:remotename)%00%(upstream:remoteref) refs/heads/master refs/remotes/master [0ms]
2024-03-12 15:08:28.825 [info] > git status -z -uall [18ms]
2024-03-12 15:08:33.833 [info] > git config --get commit.template [3ms]
2024-03-12 15:08:33.833 [info] > git for-each-ref --format=%(refname)%00%(upstream:short)%00%(objectname)%00%(upstream:track)%00%(upstream:remotename)%00%(upstream:remoteref) refs/heads/master refs/remotes/master [1ms]
2024-03-12 15:08:33.853 [info] > git status -z -uall [17ms]
2024-03-12 15:08:38.862 [info] > git config --get commit.template [2ms]
2024-03-12 15:08:38.862 [info] > git for-each-ref --format=%(refname)%00%(upstream:short)%00%(objectname)%00%(upstream:track)%00%(upstream:remotename)%00%(upstream:remoteref) refs/heads/master refs/remotes/master [1ms]
2024-03-12 15:08:38.882 [info] > git status -z -uall [17ms]
