2024-03-12 14:08:48.997 [info] Extension host with pid 568 started
2024-03-12 14:08:48.997 [error] Error: EEXIST: file already exists, open '/home/volt/.vscode-server/data/User/workspaceStorage/2190b9ffffb8e1ad4ac57db46be0e796/vscode.lock'
2024-03-12 14:08:49.001 [info] Lock '/home/volt/.vscode-server/data/User/workspaceStorage/2190b9ffffb8e1ad4ac57db46be0e796/vscode.lock': Could not acquire lock, checking if the file is stale.
2024-03-12 14:08:49.005 [info] Lock '/home/volt/.vscode-server/data/User/workspaceStorage/2190b9ffffb8e1ad4ac57db46be0e796/vscode.lock': The pid 1951 appears to be gone.
2024-03-12 14:08:49.005 [info] Lock '/home/volt/.vscode-server/data/User/workspaceStorage/2190b9ffffb8e1ad4ac57db46be0e796/vscode.lock': Deleting a stale lock.
2024-03-12 14:08:49.023 [info] Lock '/home/volt/.vscode-server/data/User/workspaceStorage/2190b9ffffb8e1ad4ac57db46be0e796/vscode.lock': Lock acquired.
2024-03-12 14:08:49.036 [info] ExtensionService#_doActivateExtension vscode.emmet, startup: false, activationEvent: 'onLanguage'
2024-03-12 14:08:49.211 [info] ExtensionService#_doActivateExtension vscode.git-base, startup: true, activationEvent: '*', root cause: vscode.git
2024-03-12 14:08:49.271 [info] ExtensionService#_doActivateExtension vscode.git, startup: true, activationEvent: '*'
2024-03-12 14:08:49.272 [info] ExtensionService#_doActivateExtension vscode.github, startup: true, activationEvent: '*'
2024-03-12 14:08:49.422 [info] Eager extensions activated
2024-03-12 14:08:49.422 [info] ExtensionService#_doActivateExtension vscode.debug-auto-launch, startup: false, activationEvent: 'onStartupFinished'
2024-03-12 14:08:49.422 [info] ExtensionService#_doActivateExtension vscode.merge-conflict, startup: false, activationEvent: 'onStartupFinished'
2024-03-12 14:08:49.670 [warning] [Decorations] CAPPING events from decorations provider vscode.git 1198
2024-03-12 14:08:49.727 [warning] [Decorations] CAPPING events from decorations provider vscode.git 1199
2024-03-12 14:08:52.130 [warning] [Decorations] CAPPING events from decorations provider vscode.git 1199
2024-03-12 14:08:57.154 [warning] [Decorations] CAPPING events from decorations provider vscode.git 1199
2024-03-12 14:09:05.110 [warning] [Decorations] CAPPING events from decorations provider vscode.git 1199
2024-03-12 14:09:10.133 [warning] [Decorations] CAPPING events from decorations provider vscode.git 1199
2024-03-12 14:09:15.157 [warning] [Decorations] CAPPING events from decorations provider vscode.git 1199
2024-03-12 14:09:20.181 [warning] [Decorations] CAPPING events from decorations provider vscode.git 1199
2024-03-12 14:09:25.204 [warning] [Decorations] CAPPING events from decorations provider vscode.git 1199
2024-03-12 14:09:32.272 [warning] [Decorations] CAPPING events from decorations provider vscode.git 1199
2024-03-12 14:09:37.298 [warning] [Decorations] CAPPING events from decorations provider vscode.git 1199
2024-03-12 14:09:42.325 [warning] [Decorations] CAPPING events from decorations provider vscode.git 1199
2024-03-12 14:09:47.347 [warning] [Decorations] CAPPING events from decorations provider vscode.git 1199
2024-03-12 14:09:52.369 [warning] [Decorations] CAPPING events from decorations provider vscode.git 1199
2024-03-12 14:09:57.392 [warning] [Decorations] CAPPING events from decorations provider vscode.git 1199
2024-03-12 14:10:02.416 [warning] [Decorations] CAPPING events from decorations provider vscode.git 1199
2024-03-12 14:10:07.438 [warning] [Decorations] CAPPING events from decorations provider vscode.git 1199
2024-03-12 14:10:12.459 [warning] [Decorations] CAPPING events from decorations provider vscode.git 1199
2024-03-12 14:10:17.485 [warning] [Decorations] CAPPING events from decorations provider vscode.git 1199
2024-03-12 14:10:22.507 [warning] [Decorations] CAPPING events from decorations provider vscode.git 1199
2024-03-12 14:10:27.529 [warning] [Decorations] CAPPING events from decorations provider vscode.git 1199
2024-03-12 14:10:32.550 [warning] [Decorations] CAPPING events from decorations provider vscode.git 1199
2024-03-12 14:10:38.137 [warning] [Decorations] CAPPING events from decorations provider vscode.git 1199
2024-03-12 14:10:44.195 [warning] [Decorations] CAPPING events from decorations provider vscode.git 1199
2024-03-12 14:10:49.218 [warning] [Decorations] CAPPING events from decorations provider vscode.git 1199
2024-03-12 14:10:54.241 [warning] [Decorations] CAPPING events from decorations provider vscode.git 1199
2024-03-12 14:10:59.261 [warning] [Decorations] CAPPING events from decorations provider vscode.git 1199
2024-03-12 14:11:04.284 [warning] [Decorations] CAPPING events from decorations provider vscode.git 1199
2024-03-12 14:11:09.306 [warning] [Decorations] CAPPING events from decorations provider vscode.git 1199
2024-03-12 14:11:14.327 [warning] [Decorations] CAPPING events from decorations provider vscode.git 1199
2024-03-12 14:11:19.351 [warning] [Decorations] CAPPING events from decorations provider vscode.git 1199
2024-03-12 14:11:25.746 [warning] [Decorations] CAPPING events from decorations provider vscode.git 1199
2024-03-12 14:11:30.771 [warning] [Decorations] CAPPING events from decorations provider vscode.git 1199
2024-03-12 14:11:35.793 [warning] [Decorations] CAPPING events from decorations provider vscode.git 1199
2024-03-12 14:11:40.819 [warning] [Decorations] CAPPING events from decorations provider vscode.git 1199
2024-03-12 14:11:45.843 [warning] [Decorations] CAPPING events from decorations provider vscode.git 1199
2024-03-12 14:11:50.866 [warning] [Decorations] CAPPING events from decorations provider vscode.git 1199
2024-03-12 14:11:55.890 [warning] [Decorations] CAPPING events from decorations provider vscode.git 1199
2024-03-12 14:12:04.149 [warning] [Decorations] CAPPING events from decorations provider vscode.git 1199
2024-03-12 14:12:09.170 [warning] [Decorations] CAPPING events from decorations provider vscode.git 1199
2024-03-12 14:12:14.194 [warning] [Decorations] CAPPING events from decorations provider vscode.git 1199
2024-03-12 14:12:24.469 [warning] [Decorations] CAPPING events from decorations provider vscode.git 1199
2024-03-12 14:13:07.442 [warning] [Decorations] CAPPING events from decorations provider vscode.git 1199
2024-03-12 14:13:12.464 [warning] [Decorations] CAPPING events from decorations provider vscode.git 1199
2024-03-12 14:13:17.487 [warning] [Decorations] CAPPING events from decorations provider vscode.git 1199
2024-03-12 14:13:22.508 [warning] [Decorations] CAPPING events from decorations provider vscode.git 1199
2024-03-12 14:13:24.723 [info] ExtensionService#_doActivateExtension vscode.npm, startup: false, activationEvent: 'onTerminalQuickFixRequest:ms-vscode.npm-command'
2024-03-12 14:13:27.528 [warning] [Decorations] CAPPING events from decorations provider vscode.git 1199
2024-03-12 14:13:32.551 [warning] [Decorations] CAPPING events from decorations provider vscode.git 1199
2024-03-12 14:13:37.598 [warning] [Decorations] CAPPING events from decorations provider vscode.git 1200
2024-03-12 14:13:42.620 [warning] [Decorations] CAPPING events from decorations provider vscode.git 1200
2024-03-12 14:13:47.647 [warning] [Decorations] CAPPING events from decorations provider vscode.git 1200
2024-03-12 14:13:52.672 [warning] [Decorations] CAPPING events from decorations provider vscode.git 1200
2024-03-12 14:15:02.497 [warning] [Decorations] CAPPING events from decorations provider vscode.git 1200
2024-03-12 14:15:07.524 [warning] [Decorations] CAPPING events from decorations provider vscode.git 1200
2024-03-12 14:15:12.549 [warning] [Decorations] CAPPING events from decorations provider vscode.git 1200
2024-03-12 14:15:17.571 [warning] [Decorations] CAPPING events from decorations provider vscode.git 1200
2024-03-12 14:15:22.597 [warning] [Decorations] CAPPING events from decorations provider vscode.git 1200
2024-03-12 14:15:27.621 [warning] [Decorations] CAPPING events from decorations provider vscode.git 1200
2024-03-12 14:15:32.649 [warning] [Decorations] CAPPING events from decorations provider vscode.git 1200
2024-03-12 14:15:55.636 [warning] [Decorations] CAPPING events from decorations provider vscode.git 1200
2024-03-12 14:16:00.661 [warning] [Decorations] CAPPING events from decorations provider vscode.git 1200
