2024-03-12 14:08:49.451 [info] Log level: Info
2024-03-12 14:08:49.451 [info] Validating found git in: "git"
2024-03-12 14:08:49.451 [info] Using git "2.34.1" from "git"
2024-03-12 14:08:49.454 [info] > git rev-parse --show-toplevel [5ms]
2024-03-12 14:08:49.459 [info] > git rev-parse --git-dir --git-common-dir [1ms]
2024-03-12 14:08:49.466 [info] Open repository: /home/volt
2024-03-12 14:08:49.493 [info] > git config --get commit.template [21ms]
2024-03-12 14:08:49.499 [info] > git rev-parse --show-toplevel [26ms]
2024-03-12 14:08:49.507 [info] > git rev-parse --git-dir --git-common-dir [1ms]
2024-03-12 14:08:49.511 [info] Open repository: /home/volt/python_fullstack_class
2024-03-12 14:08:49.521 [info] > git rev-parse --show-toplevel [2ms]
2024-03-12 14:08:49.522 [info] > git config --get commit.template [5ms]
2024-03-12 14:08:49.522 [info] > git for-each-ref --format=%(refname)%00%(upstream:short)%00%(objectname)%00%(upstream:track)%00%(upstream:remotename)%00%(upstream:remoteref) refs/heads/master refs/remotes/master [19ms]
2024-03-12 14:08:49.529 [info] > git rev-parse --show-toplevel [4ms]
2024-03-12 14:08:49.539 [info] > git rev-parse --show-toplevel [7ms]
2024-03-12 14:08:49.540 [info] > git for-each-ref --format=%(refname)%00%(upstream:short)%00%(objectname)%00%(upstream:track)%00%(upstream:remotename)%00%(upstream:remoteref) refs/heads/main refs/remotes/main [11ms]
2024-03-12 14:08:49.549 [warning] ENOENT: no such file or directory, open '/home/volt/python_fullstack_class/.git/refs/remotes/origin/main'
2024-03-12 14:08:49.554 [info] > git rev-parse refs/remotes/origin/main [5ms]
2024-03-12 14:08:49.558 [info] > git rev-parse --show-toplevel [14ms]
2024-03-12 14:08:49.565 [info] > git status -z -uall [7ms]
2024-03-12 14:08:49.578 [info] > git config --get commit.template [4ms]
2024-03-12 14:08:49.578 [info] > git for-each-ref --format=%(refname)%00%(upstream:short)%00%(objectname)%00%(upstream:track)%00%(upstream:remotename)%00%(upstream:remoteref) refs/heads/main refs/remotes/main [1ms]
2024-03-12 14:08:49.581 [warning] ENOENT: no such file or directory, open '/home/volt/python_fullstack_class/.git/refs/remotes/origin/main'
2024-03-12 14:08:49.582 [info] > git rev-parse refs/remotes/origin/main [1ms]
2024-03-12 14:08:49.586 [info] > git status -z -uall [1ms]
2024-03-12 14:08:49.649 [info] > git status -z -uall [112ms]
2024-03-12 14:08:49.688 [info] > git config --get commit.template [5ms]
2024-03-12 14:08:49.688 [info] > git for-each-ref --format=%(refname)%00%(upstream:short)%00%(objectname)%00%(upstream:track)%00%(upstream:remotename)%00%(upstream:remoteref) refs/heads/master refs/remotes/master [1ms]
2024-03-12 14:08:49.701 [info] > git status -z -uall [8ms]
2024-03-12 14:08:50.026 [info] > git check-ignore -v -z --stdin [3ms]
2024-03-12 14:08:50.027 [info] > git check-ignore -v -z --stdin [1ms]
2024-03-12 14:08:50.163 [info] > git show --textconv :lesson_2/src/solution_1.py [3ms]
2024-03-12 14:08:50.164 [info] > git ls-files --stage -- /home/volt/python_fullstack_class/lesson_2/src/solution_1.py [2ms]
2024-03-12 14:08:52.114 [info] > git config --get commit.template [3ms]
2024-03-12 14:08:52.114 [info] > git for-each-ref --format=%(refname)%00%(upstream:short)%00%(objectname)%00%(upstream:track)%00%(upstream:remotename)%00%(upstream:remoteref) refs/heads/master refs/remotes/master [1ms]
2024-03-12 14:08:52.122 [info] > git status -z -uall [5ms]
2024-03-12 14:08:54.951 [info] > git check-ignore -v -z --stdin [1ms]
2024-03-12 14:08:57.139 [info] > git config --get commit.template [3ms]
2024-03-12 14:08:57.139 [info] > git for-each-ref --format=%(refname)%00%(upstream:short)%00%(objectname)%00%(upstream:track)%00%(upstream:remotename)%00%(upstream:remoteref) refs/heads/master refs/remotes/master [1ms]
2024-03-12 14:08:57.146 [info] > git status -z -uall [5ms]
2024-03-12 14:08:57.857 [info] > git show --textconv :module_1/lesson_1/src/solution_2.py [3ms]
2024-03-12 14:08:57.857 [info] > git ls-files --stage -- /home/volt/python_fullstack_class/module_1/lesson_1/src/solution_2.py [1ms]
2024-03-12 14:08:58.126 [info] > git check-ignore -v -z --stdin [1ms]
2024-03-12 14:08:59.571 [info] > git show --textconv :lesson_2/src/solution_1.py [2ms]
2024-03-12 14:08:59.572 [info] > git ls-files --stage -- /home/volt/python_fullstack_class/lesson_2/src/solution_1.py [1ms]
2024-03-12 14:09:00.201 [info] > git show --textconv :module_1/lesson_1/src/solution_1.py [3ms]
2024-03-12 14:09:00.201 [info] > git ls-files --stage -- /home/volt/python_fullstack_class/module_1/lesson_1/src/solution_1.py [1ms]
2024-03-12 14:09:00.558 [info] > git show --textconv :lesson_2/src/solution_1.py [3ms]
2024-03-12 14:09:00.559 [info] > git ls-files --stage -- /home/volt/python_fullstack_class/lesson_2/src/solution_1.py [1ms]
2024-03-12 14:09:01.433 [info] > git show --textconv :python.py [2ms]
2024-03-12 14:09:01.434 [info] > git ls-files --stage -- /home/volt/python.py [0ms]
2024-03-12 14:09:01.436 [info] > git cat-file -s e69de29bb2d1d6434b8b29ae775ad8c2e48c5391 [1ms]
2024-03-12 14:09:05.089 [info] > git config --get commit.template [1ms]
2024-03-12 14:09:05.093 [info] > git for-each-ref --format=%(refname)%00%(upstream:short)%00%(objectname)%00%(upstream:track)%00%(upstream:remotename)%00%(upstream:remoteref) refs/heads/master refs/remotes/master [1ms]
2024-03-12 14:09:05.100 [info] > git status -z -uall [4ms]
2024-03-12 14:09:05.326 [info] > git show --textconv :lesson_2/src/solution_1.py [3ms]
2024-03-12 14:09:05.327 [info] > git ls-files --stage -- /home/volt/python_fullstack_class/lesson_2/src/solution_1.py [1ms]
2024-03-12 14:09:09.246 [info] > git check-ignore -v -z --stdin [3ms]
2024-03-12 14:09:09.246 [info] > git check-ignore -v -z --stdin [0ms]
2024-03-12 14:09:10.119 [info] > git config --get commit.template [3ms]
2024-03-12 14:09:10.119 [info] > git for-each-ref --format=%(refname)%00%(upstream:short)%00%(objectname)%00%(upstream:track)%00%(upstream:remotename)%00%(upstream:remoteref) refs/heads/master refs/remotes/master [1ms]
2024-03-12 14:09:10.126 [info] > git status -z -uall [5ms]
2024-03-12 14:09:15.143 [info] > git config --get commit.template [3ms]
2024-03-12 14:09:15.143 [info] > git for-each-ref --format=%(refname)%00%(upstream:short)%00%(objectname)%00%(upstream:track)%00%(upstream:remotename)%00%(upstream:remoteref) refs/heads/master refs/remotes/master [1ms]
2024-03-12 14:09:15.150 [info] > git status -z -uall [5ms]
2024-03-12 14:09:20.166 [info] > git config --get commit.template [3ms]
2024-03-12 14:09:20.167 [info] > git for-each-ref --format=%(refname)%00%(upstream:short)%00%(objectname)%00%(upstream:track)%00%(upstream:remotename)%00%(upstream:remoteref) refs/heads/master refs/remotes/master [1ms]
2024-03-12 14:09:20.174 [info] > git status -z -uall [5ms]
2024-03-12 14:09:25.190 [info] > git config --get commit.template [3ms]
2024-03-12 14:09:25.190 [info] > git for-each-ref --format=%(refname)%00%(upstream:short)%00%(objectname)%00%(upstream:track)%00%(upstream:remotename)%00%(upstream:remoteref) refs/heads/master refs/remotes/master [1ms]
2024-03-12 14:09:25.197 [info] > git status -z -uall [5ms]
2024-03-12 14:09:32.254 [info] > git config --get commit.template [3ms]
2024-03-12 14:09:32.254 [info] > git for-each-ref --format=%(refname)%00%(upstream:short)%00%(objectname)%00%(upstream:track)%00%(upstream:remotename)%00%(upstream:remoteref) refs/heads/master refs/remotes/master [1ms]
2024-03-12 14:09:32.261 [info] > git status -z -uall [4ms]
2024-03-12 14:09:37.282 [info] > git config --get commit.template [2ms]
2024-03-12 14:09:37.282 [info] > git for-each-ref --format=%(refname)%00%(upstream:short)%00%(objectname)%00%(upstream:track)%00%(upstream:remotename)%00%(upstream:remoteref) refs/heads/master refs/remotes/master [1ms]
2024-03-12 14:09:37.289 [info] > git status -z -uall [5ms]
2024-03-12 14:09:42.308 [info] > git config --get commit.template [0ms]
2024-03-12 14:09:42.311 [info] > git for-each-ref --format=%(refname)%00%(upstream:short)%00%(objectname)%00%(upstream:track)%00%(upstream:remotename)%00%(upstream:remoteref) refs/heads/master refs/remotes/master [1ms]
2024-03-12 14:09:42.318 [info] > git status -z -uall [5ms]
2024-03-12 14:09:47.331 [info] > git config --get commit.template [1ms]
2024-03-12 14:09:47.334 [info] > git for-each-ref --format=%(refname)%00%(upstream:short)%00%(objectname)%00%(upstream:track)%00%(upstream:remotename)%00%(upstream:remoteref) refs/heads/master refs/remotes/master [1ms]
2024-03-12 14:09:47.340 [info] > git status -z -uall [4ms]
2024-03-12 14:09:48.319 [info] > git check-ignore -v -z --stdin [0ms]
2024-03-12 14:09:48.932 [info] > git config --get commit.template [1ms]
2024-03-12 14:09:48.935 [info] > git for-each-ref --format=%(refname)%00%(upstream:short)%00%(objectname)%00%(upstream:track)%00%(upstream:remotename)%00%(upstream:remoteref) refs/heads/main refs/remotes/main [0ms]
2024-03-12 14:09:48.938 [warning] ENOENT: no such file or directory, open '/home/volt/python_fullstack_class/.git/refs/remotes/origin/main'
2024-03-12 14:09:48.938 [info] > git rev-parse refs/remotes/origin/main [0ms]
2024-03-12 14:09:48.941 [info] > git status -z -uall [1ms]
2024-03-12 14:09:52.356 [info] > git config --get commit.template [3ms]
2024-03-12 14:09:52.356 [info] > git for-each-ref --format=%(refname)%00%(upstream:short)%00%(objectname)%00%(upstream:track)%00%(upstream:remotename)%00%(upstream:remoteref) refs/heads/master refs/remotes/master [1ms]
2024-03-12 14:09:52.363 [info] > git status -z -uall [5ms]
2024-03-12 14:09:57.379 [info] > git config --get commit.template [3ms]
2024-03-12 14:09:57.379 [info] > git for-each-ref --format=%(refname)%00%(upstream:short)%00%(objectname)%00%(upstream:track)%00%(upstream:remotename)%00%(upstream:remoteref) refs/heads/master refs/remotes/master [1ms]
2024-03-12 14:09:57.385 [info] > git status -z -uall [4ms]
2024-03-12 14:10:02.402 [info] > git config --get commit.template [3ms]
2024-03-12 14:10:02.402 [info] > git for-each-ref --format=%(refname)%00%(upstream:short)%00%(objectname)%00%(upstream:track)%00%(upstream:remotename)%00%(upstream:remoteref) refs/heads/master refs/remotes/master [0ms]
2024-03-12 14:10:02.409 [info] > git status -z -uall [4ms]
2024-03-12 14:10:03.830 [info] > git check-ignore -v -z --stdin [1ms]
2024-03-12 14:10:04.430 [info] > git config --get commit.template [3ms]
2024-03-12 14:10:04.431 [info] > git for-each-ref --format=%(refname)%00%(upstream:short)%00%(objectname)%00%(upstream:track)%00%(upstream:remotename)%00%(upstream:remoteref) refs/heads/main refs/remotes/main [2ms]
2024-03-12 14:10:04.433 [warning] ENOENT: no such file or directory, open '/home/volt/python_fullstack_class/.git/refs/remotes/origin/main'
2024-03-12 14:10:04.433 [info] > git rev-parse refs/remotes/origin/main [0ms]
2024-03-12 14:10:04.436 [info] > git status -z -uall [1ms]
2024-03-12 14:10:07.422 [info] > git config --get commit.template [1ms]
2024-03-12 14:10:07.425 [info] > git for-each-ref --format=%(refname)%00%(upstream:short)%00%(objectname)%00%(upstream:track)%00%(upstream:remotename)%00%(upstream:remoteref) refs/heads/master refs/remotes/master [1ms]
2024-03-12 14:10:07.431 [info] > git status -z -uall [4ms]
2024-03-12 14:10:12.446 [info] > git config --get commit.template [2ms]
2024-03-12 14:10:12.447 [info] > git for-each-ref --format=%(refname)%00%(upstream:short)%00%(objectname)%00%(upstream:track)%00%(upstream:remotename)%00%(upstream:remoteref) refs/heads/master refs/remotes/master [1ms]
2024-03-12 14:10:12.453 [info] > git status -z -uall [4ms]
2024-03-12 14:10:17.468 [info] > git config --get commit.template [3ms]
2024-03-12 14:10:17.468 [info] > git for-each-ref --format=%(refname)%00%(upstream:short)%00%(objectname)%00%(upstream:track)%00%(upstream:remotename)%00%(upstream:remoteref) refs/heads/master refs/remotes/master [1ms]
2024-03-12 14:10:17.475 [info] > git status -z -uall [5ms]
2024-03-12 14:10:22.492 [info] > git config --get commit.template [0ms]
2024-03-12 14:10:22.494 [info] > git for-each-ref --format=%(refname)%00%(upstream:short)%00%(objectname)%00%(upstream:track)%00%(upstream:remotename)%00%(upstream:remoteref) refs/heads/master refs/remotes/master [0ms]
2024-03-12 14:10:22.500 [info] > git status -z -uall [4ms]
2024-03-12 14:10:27.516 [info] > git config --get commit.template [3ms]
2024-03-12 14:10:27.516 [info] > git for-each-ref --format=%(refname)%00%(upstream:short)%00%(objectname)%00%(upstream:track)%00%(upstream:remotename)%00%(upstream:remoteref) refs/heads/master refs/remotes/master [0ms]
2024-03-12 14:10:27.523 [info] > git status -z -uall [5ms]
2024-03-12 14:10:30.434 [info] > git check-ignore -v -z --stdin [0ms]
2024-03-12 14:10:31.001 [info] > git config --get commit.template [2ms]
2024-03-12 14:10:31.002 [info] > git for-each-ref --format=%(refname)%00%(upstream:short)%00%(objectname)%00%(upstream:track)%00%(upstream:remotename)%00%(upstream:remoteref) refs/heads/main refs/remotes/main [1ms]
2024-03-12 14:10:31.003 [warning] ENOENT: no such file or directory, open '/home/volt/python_fullstack_class/.git/refs/remotes/origin/main'
2024-03-12 14:10:31.004 [info] > git rev-parse refs/remotes/origin/main [1ms]
2024-03-12 14:10:31.006 [info] > git status -z -uall [1ms]
2024-03-12 14:10:32.537 [info] > git config --get commit.template [2ms]
2024-03-12 14:10:32.537 [info] > git for-each-ref --format=%(refname)%00%(upstream:short)%00%(objectname)%00%(upstream:track)%00%(upstream:remotename)%00%(upstream:remoteref) refs/heads/master refs/remotes/master [1ms]
2024-03-12 14:10:32.543 [info] > git status -z -uall [4ms]
2024-03-12 14:10:38.123 [info] > git config --get commit.template [3ms]
2024-03-12 14:10:38.123 [info] > git for-each-ref --format=%(refname)%00%(upstream:short)%00%(objectname)%00%(upstream:track)%00%(upstream:remotename)%00%(upstream:remoteref) refs/heads/master refs/remotes/master [0ms]
2024-03-12 14:10:38.130 [info] > git status -z -uall [5ms]
2024-03-12 14:10:44.181 [info] > git config --get commit.template [3ms]
2024-03-12 14:10:44.181 [info] > git for-each-ref --format=%(refname)%00%(upstream:short)%00%(objectname)%00%(upstream:track)%00%(upstream:remotename)%00%(upstream:remoteref) refs/heads/master refs/remotes/master [1ms]
2024-03-12 14:10:44.188 [info] > git status -z -uall [4ms]
2024-03-12 14:10:45.377 [info] > git config --get commit.template [2ms]
2024-03-12 14:10:45.377 [info] > git for-each-ref --format=%(refname)%00%(upstream:short)%00%(objectname)%00%(upstream:track)%00%(upstream:remotename)%00%(upstream:remoteref) refs/heads/main refs/remotes/main [1ms]
2024-03-12 14:10:45.379 [warning] ENOENT: no such file or directory, open '/home/volt/python_fullstack_class/.git/refs/remotes/origin/main'
2024-03-12 14:10:45.379 [info] > git rev-parse refs/remotes/origin/main [0ms]
2024-03-12 14:10:45.382 [info] > git status -z -uall [1ms]
2024-03-12 14:10:49.204 [info] > git config --get commit.template [3ms]
2024-03-12 14:10:49.204 [info] > git for-each-ref --format=%(refname)%00%(upstream:short)%00%(objectname)%00%(upstream:track)%00%(upstream:remotename)%00%(upstream:remoteref) refs/heads/master refs/remotes/master [1ms]
2024-03-12 14:10:49.211 [info] > git status -z -uall [5ms]
2024-03-12 14:10:54.227 [info] > git config --get commit.template [3ms]
2024-03-12 14:10:54.227 [info] > git for-each-ref --format=%(refname)%00%(upstream:short)%00%(objectname)%00%(upstream:track)%00%(upstream:remotename)%00%(upstream:remoteref) refs/heads/master refs/remotes/master [0ms]
2024-03-12 14:10:54.234 [info] > git status -z -uall [4ms]
2024-03-12 14:10:56.385 [info] > git show --textconv :lesson_1/solution_1.py [3ms]
2024-03-12 14:10:56.385 [info] > git ls-files --stage -- /home/volt/python_fullstack_class/lesson_1/solution_1.py [1ms]
2024-03-12 14:10:57.261 [info] > git config --get commit.template [3ms]
2024-03-12 14:10:57.261 [info] > git for-each-ref --format=%(refname)%00%(upstream:short)%00%(objectname)%00%(upstream:track)%00%(upstream:remotename)%00%(upstream:remoteref) refs/heads/main refs/remotes/main [1ms]
2024-03-12 14:10:57.263 [warning] ENOENT: no such file or directory, open '/home/volt/python_fullstack_class/.git/refs/remotes/origin/main'
2024-03-12 14:10:57.263 [info] > git rev-parse refs/remotes/origin/main [0ms]
2024-03-12 14:10:57.265 [info] > git status -z -uall [0ms]
2024-03-12 14:10:59.249 [info] > git config --get commit.template [3ms]
2024-03-12 14:10:59.249 [info] > git for-each-ref --format=%(refname)%00%(upstream:short)%00%(objectname)%00%(upstream:track)%00%(upstream:remotename)%00%(upstream:remoteref) refs/heads/master refs/remotes/master [1ms]
2024-03-12 14:10:59.255 [info] > git status -z -uall [4ms]
2024-03-12 14:11:04.268 [info] > git config --get commit.template [0ms]
2024-03-12 14:11:04.271 [info] > git for-each-ref --format=%(refname)%00%(upstream:short)%00%(objectname)%00%(upstream:track)%00%(upstream:remotename)%00%(upstream:remoteref) refs/heads/master refs/remotes/master [1ms]
2024-03-12 14:11:04.277 [info] > git status -z -uall [4ms]
2024-03-12 14:11:09.292 [info] > git config --get commit.template [3ms]
2024-03-12 14:11:09.292 [info] > git for-each-ref --format=%(refname)%00%(upstream:short)%00%(objectname)%00%(upstream:track)%00%(upstream:remotename)%00%(upstream:remoteref) refs/heads/master refs/remotes/master [1ms]
2024-03-12 14:11:09.298 [info] > git status -z -uall [4ms]
2024-03-12 14:11:14.314 [info] > git config --get commit.template [3ms]
2024-03-12 14:11:14.315 [info] > git for-each-ref --format=%(refname)%00%(upstream:short)%00%(objectname)%00%(upstream:track)%00%(upstream:remotename)%00%(upstream:remoteref) refs/heads/master refs/remotes/master [0ms]
2024-03-12 14:11:14.321 [info] > git status -z -uall [4ms]
2024-03-12 14:11:19.335 [info] > git config --get commit.template [1ms]
2024-03-12 14:11:19.338 [info] > git for-each-ref --format=%(refname)%00%(upstream:short)%00%(objectname)%00%(upstream:track)%00%(upstream:remotename)%00%(upstream:remoteref) refs/heads/master refs/remotes/master [1ms]
2024-03-12 14:11:19.345 [info] > git status -z -uall [4ms]
2024-03-12 14:11:25.723 [info] > git config --get commit.template [0ms]
2024-03-12 14:11:25.729 [info] > git for-each-ref --format=%(refname)%00%(upstream:short)%00%(objectname)%00%(upstream:track)%00%(upstream:remotename)%00%(upstream:remoteref) refs/heads/master refs/remotes/master [0ms]
2024-03-12 14:11:25.738 [info] > git status -z -uall [5ms]
2024-03-12 14:11:30.757 [info] > git config --get commit.template [3ms]
2024-03-12 14:11:30.757 [info] > git for-each-ref --format=%(refname)%00%(upstream:short)%00%(objectname)%00%(upstream:track)%00%(upstream:remotename)%00%(upstream:remoteref) refs/heads/master refs/remotes/master [0ms]
2024-03-12 14:11:30.764 [info] > git status -z -uall [5ms]
2024-03-12 14:11:35.780 [info] > git config --get commit.template [2ms]
2024-03-12 14:11:35.780 [info] > git for-each-ref --format=%(refname)%00%(upstream:short)%00%(objectname)%00%(upstream:track)%00%(upstream:remotename)%00%(upstream:remoteref) refs/heads/master refs/remotes/master [1ms]
2024-03-12 14:11:35.786 [info] > git status -z -uall [4ms]
2024-03-12 14:11:40.801 [info] > git config --get commit.template [3ms]
2024-03-12 14:11:40.801 [info] > git for-each-ref --format=%(refname)%00%(upstream:short)%00%(objectname)%00%(upstream:track)%00%(upstream:remotename)%00%(upstream:remoteref) refs/heads/master refs/remotes/master [1ms]
2024-03-12 14:11:40.808 [info] > git status -z -uall [5ms]
2024-03-12 14:11:45.828 [info] > git config --get commit.template [3ms]
2024-03-12 14:11:45.829 [info] > git for-each-ref --format=%(refname)%00%(upstream:short)%00%(objectname)%00%(upstream:track)%00%(upstream:remotename)%00%(upstream:remoteref) refs/heads/master refs/remotes/master [1ms]
2024-03-12 14:11:45.836 [info] > git status -z -uall [5ms]
2024-03-12 14:11:50.852 [info] > git config --get commit.template [3ms]
2024-03-12 14:11:50.852 [info] > git for-each-ref --format=%(refname)%00%(upstream:short)%00%(objectname)%00%(upstream:track)%00%(upstream:remotename)%00%(upstream:remoteref) refs/heads/master refs/remotes/master [0ms]
2024-03-12 14:11:50.859 [info] > git status -z -uall [4ms]
2024-03-12 14:11:55.877 [info] > git config --get commit.template [4ms]
2024-03-12 14:11:55.877 [info] > git for-each-ref --format=%(refname)%00%(upstream:short)%00%(objectname)%00%(upstream:track)%00%(upstream:remotename)%00%(upstream:remoteref) refs/heads/master refs/remotes/master [1ms]
2024-03-12 14:11:55.884 [info] > git status -z -uall [5ms]
2024-03-12 14:12:04.135 [info] > git config --get commit.template [3ms]
2024-03-12 14:12:04.135 [info] > git for-each-ref --format=%(refname)%00%(upstream:short)%00%(objectname)%00%(upstream:track)%00%(upstream:remotename)%00%(upstream:remoteref) refs/heads/master refs/remotes/master [0ms]
2024-03-12 14:12:04.142 [info] > git status -z -uall [5ms]
2024-03-12 14:12:09.157 [info] > git config --get commit.template [3ms]
2024-03-12 14:12:09.158 [info] > git for-each-ref --format=%(refname)%00%(upstream:short)%00%(objectname)%00%(upstream:track)%00%(upstream:remotename)%00%(upstream:remoteref) refs/heads/master refs/remotes/master [1ms]
2024-03-12 14:12:09.164 [info] > git status -z -uall [4ms]
2024-03-12 14:12:14.180 [info] > git config --get commit.template [3ms]
2024-03-12 14:12:14.180 [info] > git for-each-ref --format=%(refname)%00%(upstream:short)%00%(objectname)%00%(upstream:track)%00%(upstream:remotename)%00%(upstream:remoteref) refs/heads/master refs/remotes/master [1ms]
2024-03-12 14:12:14.187 [info] > git status -z -uall [4ms]
2024-03-12 14:12:24.452 [info] > git config --get commit.template [3ms]
2024-03-12 14:12:24.453 [info] > git for-each-ref --format=%(refname)%00%(upstream:short)%00%(objectname)%00%(upstream:track)%00%(upstream:remotename)%00%(upstream:remoteref) refs/heads/master refs/remotes/master [1ms]
2024-03-12 14:12:24.460 [info] > git status -z -uall [4ms]
2024-03-12 14:13:07.426 [info] > git config --get commit.template [3ms]
2024-03-12 14:13:07.426 [info] > git for-each-ref --format=%(refname)%00%(upstream:short)%00%(objectname)%00%(upstream:track)%00%(upstream:remotename)%00%(upstream:remoteref) refs/heads/master refs/remotes/master [0ms]
2024-03-12 14:13:07.433 [info] > git status -z -uall [5ms]
2024-03-12 14:13:12.450 [info] > git config --get commit.template [2ms]
2024-03-12 14:13:12.451 [info] > git for-each-ref --format=%(refname)%00%(upstream:short)%00%(objectname)%00%(upstream:track)%00%(upstream:remotename)%00%(upstream:remoteref) refs/heads/master refs/remotes/master [1ms]
2024-03-12 14:13:12.457 [info] > git status -z -uall [4ms]
2024-03-12 14:13:17.473 [info] > git config --get commit.template [3ms]
2024-03-12 14:13:17.474 [info] > git for-each-ref --format=%(refname)%00%(upstream:short)%00%(objectname)%00%(upstream:track)%00%(upstream:remotename)%00%(upstream:remoteref) refs/heads/master refs/remotes/master [1ms]
2024-03-12 14:13:17.480 [info] > git status -z -uall [4ms]
2024-03-12 14:13:22.494 [info] > git config --get commit.template [2ms]
2024-03-12 14:13:22.495 [info] > git for-each-ref --format=%(refname)%00%(upstream:short)%00%(objectname)%00%(upstream:track)%00%(upstream:remotename)%00%(upstream:remoteref) refs/heads/master refs/remotes/master [1ms]
2024-03-12 14:13:22.501 [info] > git status -z -uall [5ms]
2024-03-12 14:13:27.516 [info] > git config --get commit.template [3ms]
2024-03-12 14:13:27.516 [info] > git for-each-ref --format=%(refname)%00%(upstream:short)%00%(objectname)%00%(upstream:track)%00%(upstream:remotename)%00%(upstream:remoteref) refs/heads/master refs/remotes/master [1ms]
2024-03-12 14:13:27.522 [info] > git status -z -uall [4ms]
2024-03-12 14:13:32.537 [info] > git config --get commit.template [2ms]
2024-03-12 14:13:32.537 [info] > git for-each-ref --format=%(refname)%00%(upstream:short)%00%(objectname)%00%(upstream:track)%00%(upstream:remotename)%00%(upstream:remoteref) refs/heads/master refs/remotes/master [1ms]
2024-03-12 14:13:32.544 [info] > git status -z -uall [5ms]
2024-03-12 14:13:33.926 [info] > git ls-files --stage -- /home/volt/python_fullstack_class/lesson_1/solution_1.py [0ms]
2024-03-12 14:13:33.931 [info] > git show --textconv :lesson_1/solution_1.py [1ms]
2024-03-12 14:13:37.561 [info] > git config --get commit.template [3ms]
2024-03-12 14:13:37.561 [info] > git for-each-ref --format=%(refname)%00%(upstream:short)%00%(objectname)%00%(upstream:track)%00%(upstream:remotename)%00%(upstream:remoteref) refs/heads/master refs/remotes/master [1ms]
2024-03-12 14:13:37.591 [info] > git status -z -uall [27ms]
2024-03-12 14:13:42.604 [info] > git config --get commit.template [2ms]
2024-03-12 14:13:42.604 [info] > git for-each-ref --format=%(refname)%00%(upstream:short)%00%(objectname)%00%(upstream:track)%00%(upstream:remotename)%00%(upstream:remoteref) refs/heads/master refs/remotes/master [0ms]
2024-03-12 14:13:42.612 [info] > git status -z -uall [6ms]
2024-03-12 14:13:47.630 [info] > git config --get commit.template [3ms]
2024-03-12 14:13:47.630 [info] > git for-each-ref --format=%(refname)%00%(upstream:short)%00%(objectname)%00%(upstream:track)%00%(upstream:remotename)%00%(upstream:remoteref) refs/heads/master refs/remotes/master [0ms]
2024-03-12 14:13:47.639 [info] > git status -z -uall [6ms]
2024-03-12 14:13:52.656 [info] > git config --get commit.template [3ms]
2024-03-12 14:13:52.657 [info] > git for-each-ref --format=%(refname)%00%(upstream:short)%00%(objectname)%00%(upstream:track)%00%(upstream:remotename)%00%(upstream:remoteref) refs/heads/master refs/remotes/master [0ms]
2024-03-12 14:13:52.666 [info] > git status -z -uall [7ms]
2024-03-12 14:15:02.478 [info] > git config --get commit.template [3ms]
2024-03-12 14:15:02.478 [info] > git for-each-ref --format=%(refname)%00%(upstream:short)%00%(objectname)%00%(upstream:track)%00%(upstream:remotename)%00%(upstream:remoteref) refs/heads/master refs/remotes/master [1ms]
2024-03-12 14:15:02.488 [info] > git status -z -uall [7ms]
2024-03-12 14:15:06.118 [info] > git ls-files --stage -- /home/volt/python_fullstack_class/lesson_1/solution_1.py [0ms]
2024-03-12 14:15:06.123 [info] > git show --textconv :lesson_1/solution_1.py [1ms]
2024-03-12 14:15:07.508 [info] > git config --get commit.template [3ms]
2024-03-12 14:15:07.508 [info] > git for-each-ref --format=%(refname)%00%(upstream:short)%00%(objectname)%00%(upstream:track)%00%(upstream:remotename)%00%(upstream:remoteref) refs/heads/master refs/remotes/master [1ms]
2024-03-12 14:15:07.516 [info] > git status -z -uall [6ms]
2024-03-12 14:15:12.533 [info] > git config --get commit.template [3ms]
2024-03-12 14:15:12.533 [info] > git for-each-ref --format=%(refname)%00%(upstream:short)%00%(objectname)%00%(upstream:track)%00%(upstream:remotename)%00%(upstream:remoteref) refs/heads/master refs/remotes/master [1ms]
2024-03-12 14:15:12.541 [info] > git status -z -uall [6ms]
2024-03-12 14:15:17.557 [info] > git config --get commit.template [3ms]
2024-03-12 14:15:17.557 [info] > git for-each-ref --format=%(refname)%00%(upstream:short)%00%(objectname)%00%(upstream:track)%00%(upstream:remotename)%00%(upstream:remoteref) refs/heads/master refs/remotes/master [0ms]
2024-03-12 14:15:17.565 [info] > git status -z -uall [6ms]
2024-03-12 14:15:22.580 [info] > git config --get commit.template [2ms]
2024-03-12 14:15:22.580 [info] > git for-each-ref --format=%(refname)%00%(upstream:short)%00%(objectname)%00%(upstream:track)%00%(upstream:remotename)%00%(upstream:remoteref) refs/heads/master refs/remotes/master [1ms]
2024-03-12 14:15:22.589 [info] > git status -z -uall [6ms]
2024-03-12 14:15:27.607 [info] > git config --get commit.template [3ms]
2024-03-12 14:15:27.607 [info] > git for-each-ref --format=%(refname)%00%(upstream:short)%00%(objectname)%00%(upstream:track)%00%(upstream:remotename)%00%(upstream:remoteref) refs/heads/master refs/remotes/master [1ms]
2024-03-12 14:15:27.615 [info] > git status -z -uall [6ms]
2024-03-12 14:15:32.631 [info] > git config --get commit.template [2ms]
2024-03-12 14:15:32.631 [info] > git for-each-ref --format=%(refname)%00%(upstream:short)%00%(objectname)%00%(upstream:track)%00%(upstream:remotename)%00%(upstream:remoteref) refs/heads/master refs/remotes/master [1ms]
2024-03-12 14:15:32.639 [info] > git status -z -uall [6ms]
2024-03-12 14:15:55.615 [info] > git config --get commit.template [4ms]
2024-03-12 14:15:55.616 [info] > git for-each-ref --format=%(refname)%00%(upstream:short)%00%(objectname)%00%(upstream:track)%00%(upstream:remotename)%00%(upstream:remoteref) refs/heads/master refs/remotes/master [1ms]
2024-03-12 14:15:55.626 [info] > git status -z -uall [7ms]
2024-03-12 14:16:00.645 [info] > git config --get commit.template [3ms]
2024-03-12 14:16:00.645 [info] > git for-each-ref --format=%(refname)%00%(upstream:short)%00%(objectname)%00%(upstream:track)%00%(upstream:remotename)%00%(upstream:remoteref) refs/heads/master refs/remotes/master [0ms]
2024-03-12 14:16:00.653 [info] > git status -z -uall [6ms]
